Start time: 6 June 2022 9:9:5
Expect Cut-Off:  1e-30
Percent Positive Substitution Cut-Off: 0.6


2.7.7.5-------------------------------------------------------------------------------------
Searching Clostridium thermocellum genome for probable 2.7.7.5 genes

Using Organism: Sulfobacillus acidophilus (sap)

Using Organism: Sulfobacillus thermotolerans (sthr)

Using Organism: Carboxydocella thermautotrophica (cthm)

Using Organism: Christensenella minuta (cmiu)

Using Organism: Intestinimonas butyriciproducens (ibu)

Using Organism: Petrocella atlantisensis (cbar)

Using Organism: Vallitalea guaymasensis (vgu)

Using Organism: Vallitalea pronyensis (vpy)

Using Organism: Alkalicella caledoniensis (acae)

Using Organism: Lawsonibacter asaccharolyticus (lasa)

Using Organism: Mogibacterium diversum (mdv)


2.7.7.22-------------------------------------------------------------------------------------
Searching Clostridium thermocellum genome for probable 2.7.7.22 genes

Using Organism: Sulfobacillus acidophilus (sap)

Using Organism: Sulfobacillus thermotolerans (sthr)

Using Organism: Carboxydocella thermautotrophica (cthm)

Using Organism: Christensenella minuta (cmiu)

Using Organism: Intestinimonas butyriciproducens (ibu)

Using Organism: Petrocella atlantisensis (cbar)

Using Organism: Vallitalea guaymasensis (vgu)

Using Organism: Vallitalea pronyensis (vpy)

Using Organism: Alkalicella caledoniensis (acae)

Using Organism: Lawsonibacter asaccharolyticus (lasa)

Using Organism: Mogibacterium diversum (mdv)


2.7.7.36-------------------------------------------------------------------------------------
Searching Clostridium thermocellum genome for probable 2.7.7.36 genes

Using Organism: Sulfobacillus acidophilus (sap)

Using Organism: Sulfobacillus thermotolerans (sthr)

Using Organism: Carboxydocella thermautotrophica (cthm)

Using Organism: Christensenella minuta (cmiu)

Using Organism: Intestinimonas butyriciproducens (ibu)

Using Organism: Petrocella atlantisensis (cbar)

Using Organism: Vallitalea guaymasensis (vgu)

Using Organism: Vallitalea pronyensis (vpy)

Using Organism: Alkalicella caledoniensis (acae)

Using Organism: Lawsonibacter asaccharolyticus (lasa)

Using Organism: Mogibacterium diversum (mdv)


3.1.3.5-------------------------------------------------------------------------------------
Searching Clostridium thermocellum genome for probable 3.1.3.5 genes

Using Organism: Sulfobacillus acidophilus (sap)
Found gene for related organism sap:Sulfobacillus acidophilus
Sulac_1946-------------------------------------------------------------------------------------
Building FASTA report for gene Sulac_1946 (Accession: AEW05438)
Sulac_2466-------------------------------------------------------------------------------------
Building FASTA report for gene Sulac_2466 (Accession: AEW05929)

Using Organism: Sulfobacillus thermotolerans (sthr)
Found gene for related organism sthr:Sulfobacillus thermotolerans
BXT84_06750-------------------------------------------------------------------------------------
Building FASTA report for gene BXT84_06750 (Accession: AUW93674)
BXT84_13905-------------------------------------------------------------------------------------
Building FASTA report for gene BXT84_13905 (Accession: AUW94910)

Using Organism: Carboxydocella thermautotrophica (cthm)
Found gene for related organism cthm:Carboxydocella thermautotrophica
CFE_1357-------------------------------------------------------------------------------------
Building FASTA report for gene CFE_1357 (Accession: AVX20546)

Using Organism: Christensenella minuta (cmiu)
Found gene for related organism cmiu:Christensenella minuta
B1H56_03555-------------------------------------------------------------------------------------
Building FASTA report for gene B1H56_03555 (Accession: AYH39639)
B1H56_07835-------------------------------------------------------------------------------------
Building FASTA report for gene B1H56_07835 (Accession: AYH40402)
B1H56_14160-------------------------------------------------------------------------------------
Building FASTA report for gene B1H56_14160 (Accession: AYH41568)
B1H56_14235-------------------------------------------------------------------------------------
Building FASTA report for gene B1H56_14235 (Accession: AYH41783)

Using Organism: Intestinimonas butyriciproducens (ibu)
Found gene for related organism ibu:Intestinimonas butyriciproducens
IB211_01420-------------------------------------------------------------------------------------
Building FASTA report for gene IB211_01420 (Accession: ALP93813)
IB211_02512-------------------------------------------------------------------------------------
Building FASTA report for gene IB211_02512 (Accession: ALP94903)
IB211_02952c-------------------------------------------------------------------------------------
Building FASTA report for gene IB211_02952c (Accession: ALP95343)
IB211_02953c-------------------------------------------------------------------------------------
Building FASTA report for gene IB211_02953c (Accession: ALP95344)

Using Organism: Petrocella atlantisensis (cbar)
Found gene for related organism cbar:Petrocella atlantisensis
PATL70BA_2337-------------------------------------------------------------------------------------
Building FASTA report for gene PATL70BA_2337 (Accession: VDN48230)
PATL70BA_2717-------------------------------------------------------------------------------------
Building FASTA report for gene PATL70BA_2717 (Accession: VDN48620)

Using Organism: Vallitalea guaymasensis (vgu)
Found gene for related organism vgu:Vallitalea guaymasensis
HYG85_02785-------------------------------------------------------------------------------------
Building FASTA report for gene HYG85_02785 (Accession: QUH27896)
HYG85_09860-------------------------------------------------------------------------------------
Building FASTA report for gene HYG85_09860 (Accession: QUH29214)

Using Organism: Vallitalea pronyensis (vpy)
Found gene for related organism vpy:Vallitalea pronyensis
HZI73_17110-------------------------------------------------------------------------------------
Building FASTA report for gene HZI73_17110 (Accession: QUI23903)
HZI73_17820-------------------------------------------------------------------------------------
Building FASTA report for gene HZI73_17820 (Accession: QUI24037)
HZI73_20145-------------------------------------------------------------------------------------
Building FASTA report for gene HZI73_20145 (Accession: QUI24468)

Using Organism: Alkalicella caledoniensis (acae)
Found gene for related organism acae:Alkalicella caledoniensis
HYG86_01070-------------------------------------------------------------------------------------
Building FASTA report for gene HYG86_01070 (Accession: QNO13462)

Using Organism: Lawsonibacter asaccharolyticus (lasa)
Found gene for related organism lasa:Lawsonibacter asaccharolyticus
L9O85_00110-------------------------------------------------------------------------------------
Building FASTA report for gene L9O85_00110 (Accession: UMM46874)

Using Organism: Mogibacterium diversum (mdv)
Found gene for related organism mdv:Mogibacterium diversum
C5Q96_06450-------------------------------------------------------------------------------------
Building FASTA report for gene C5Q96_06450 (Accession: AVM48504)


3.1.3.91-------------------------------------------------------------------------------------
Searching Clostridium thermocellum genome for probable 3.1.3.91 genes

Using Organism: Sulfobacillus acidophilus (sap)

Using Organism: Sulfobacillus thermotolerans (sthr)

Using Organism: Carboxydocella thermautotrophica (cthm)

Using Organism: Christensenella minuta (cmiu)

Using Organism: Intestinimonas butyriciproducens (ibu)

Using Organism: Petrocella atlantisensis (cbar)

Using Organism: Vallitalea guaymasensis (vgu)

Using Organism: Vallitalea pronyensis (vpy)

Using Organism: Alkalicella caledoniensis (acae)

Using Organism: Lawsonibacter asaccharolyticus (lasa)

Using Organism: Mogibacterium diversum (mdv)


3.6.1.5-------------------------------------------------------------------------------------
Searching Clostridium thermocellum genome for probable 3.6.1.5 genes

Using Organism: Sulfobacillus acidophilus (sap)

Using Organism: Sulfobacillus thermotolerans (sthr)

Using Organism: Carboxydocella thermautotrophica (cthm)

Using Organism: Christensenella minuta (cmiu)

Using Organism: Intestinimonas butyriciproducens (ibu)

Using Organism: Petrocella atlantisensis (cbar)

Using Organism: Vallitalea guaymasensis (vgu)

Using Organism: Vallitalea pronyensis (vpy)

Using Organism: Alkalicella caledoniensis (acae)

Using Organism: Lawsonibacter asaccharolyticus (lasa)

Using Organism: Mogibacterium diversum (mdv)


3.6.1.6-------------------------------------------------------------------------------------
Searching Clostridium thermocellum genome for probable 3.6.1.6 genes

Using Organism: Sulfobacillus acidophilus (sap)

Using Organism: Sulfobacillus thermotolerans (sthr)

Using Organism: Carboxydocella thermautotrophica (cthm)

Using Organism: Christensenella minuta (cmiu)

Using Organism: Intestinimonas butyriciproducens (ibu)

Using Organism: Petrocella atlantisensis (cbar)

Using Organism: Vallitalea guaymasensis (vgu)

Using Organism: Vallitalea pronyensis (vpy)

Using Organism: Alkalicella caledoniensis (acae)

Using Organism: Lawsonibacter asaccharolyticus (lasa)

Using Organism: Mogibacterium diversum (mdv)


3.6.1.64-------------------------------------------------------------------------------------
Searching Clostridium thermocellum genome for probable 3.6.1.64 genes

Using Organism: Sulfobacillus acidophilus (sap)

Using Organism: Sulfobacillus thermotolerans (sthr)

Using Organism: Carboxydocella thermautotrophica (cthm)

Using Organism: Christensenella minuta (cmiu)

Using Organism: Intestinimonas butyriciproducens (ibu)

Using Organism: Petrocella atlantisensis (cbar)

Using Organism: Vallitalea guaymasensis (vgu)

Using Organism: Vallitalea pronyensis (vpy)

Using Organism: Alkalicella caledoniensis (acae)

Using Organism: Lawsonibacter asaccharolyticus (lasa)

Using Organism: Mogibacterium diversum (mdv)
end time: 6 June 2022 19:3:3
