Start time: 6 June 2022 9:4:35
Expect Cut-Off:  1e-30
Percent Positive Substitution Cut-Off: 0.6


2.7.7.5-------------------------------------------------------------------------------------
Searching Clostridium thermocellum genome for probable 2.7.7.5 genes

Using Organism: Anaerocolumna cellulosilytica (acel)

Using Organism: Anaerocolumna chitinilytica (acht)

Using Organism: Eubacterium eligens (eel)

Using Organism: Ruminococcus torques (rto)

Using Organism: Ruminococcus gnavus (rgn)

Using Organism: Enterocloster bolteae (cbol)

Using Organism: Eubacterium rectale (ere)

Using Organism: Eubacterium rectale (ert)

Using Organism: Eubacterium rectale (era)

Using Organism: Lachnospiraceae bacterium (lbw)

Using Organism: Clostridioides difficile (cdf)


2.7.7.22-------------------------------------------------------------------------------------
Searching Clostridium thermocellum genome for probable 2.7.7.22 genes

Using Organism: Anaerocolumna cellulosilytica (acel)

Using Organism: Anaerocolumna chitinilytica (acht)

Using Organism: Eubacterium eligens (eel)

Using Organism: Ruminococcus torques (rto)

Using Organism: Ruminococcus gnavus (rgn)

Using Organism: Enterocloster bolteae (cbol)

Using Organism: Eubacterium rectale (ere)

Using Organism: Eubacterium rectale (ert)

Using Organism: Eubacterium rectale (era)

Using Organism: Lachnospiraceae bacterium (lbw)

Using Organism: Clostridioides difficile (cdf)


2.7.7.36-------------------------------------------------------------------------------------
Searching Clostridium thermocellum genome for probable 2.7.7.36 genes

Using Organism: Anaerocolumna cellulosilytica (acel)

Using Organism: Anaerocolumna chitinilytica (acht)

Using Organism: Eubacterium eligens (eel)

Using Organism: Ruminococcus torques (rto)

Using Organism: Ruminococcus gnavus (rgn)

Using Organism: Enterocloster bolteae (cbol)

Using Organism: Eubacterium rectale (ere)

Using Organism: Eubacterium rectale (ert)

Using Organism: Eubacterium rectale (era)

Using Organism: Lachnospiraceae bacterium (lbw)

Using Organism: Clostridioides difficile (cdf)


3.1.3.5-------------------------------------------------------------------------------------
Searching Clostridium thermocellum genome for probable 3.1.3.5 genes

Using Organism: Anaerocolumna cellulosilytica (acel)
Found gene for related organism acel:Anaerocolumna cellulosilytica
acsn021_11280-------------------------------------------------------------------------------------
Building FASTA report for gene acsn021_11280 (Accession: BCJ93559)
acsn021_34180-------------------------------------------------------------------------------------
Building FASTA report for gene acsn021_34180 (Accession: BCJ95849)

Using Organism: Anaerocolumna chitinilytica (acht)
Found gene for related organism acht:Anaerocolumna chitinilytica
bsdcttw_40540-------------------------------------------------------------------------------------
Building FASTA report for gene bsdcttw_40540 (Accession: BCK01014)

Using Organism: Eubacterium eligens (eel)

Using Organism: Ruminococcus torques (rto)
Found gene for related organism rto:Ruminococcus torques
RTO_06770-------------------------------------------------------------------------------------
Building FASTA report for gene RTO_06770 (Accession: CBL25406)
RTO_32430-------------------------------------------------------------------------------------
Building FASTA report for gene RTO_32430 (Accession: CBL27615)

Using Organism: Ruminococcus gnavus (rgn)

Using Organism: Enterocloster bolteae (cbol)
Found gene for related organism cbol:Enterocloster bolteae
CGC65_30535-------------------------------------------------------------------------------------
Building FASTA report for gene CGC65_30535 (Accession: ASN98642)

Using Organism: Eubacterium rectale (ere)

Using Organism: Eubacterium rectale (ert)

Using Organism: Eubacterium rectale (era)

Using Organism: Lachnospiraceae bacterium (lbw)
Found gene for related organism lbw:Lachnospiraceae bacterium
C3V36_06270-------------------------------------------------------------------------------------
Building FASTA report for gene C3V36_06270 (Accession: AVM68875)
C3V36_08875-------------------------------------------------------------------------------------
Building FASTA report for gene C3V36_08875 (Accession: AVM70494)

Using Organism: Clostridioides difficile (cdf)
Found gene for related organism cdf:Clostridioides difficile
CD630_25370-------------------------------------------------------------------------------------
Building FASTA report for gene CD630_25370 (Accession: CAJ69424)


3.1.3.91-------------------------------------------------------------------------------------
Searching Clostridium thermocellum genome for probable 3.1.3.91 genes

Using Organism: Anaerocolumna cellulosilytica (acel)

Using Organism: Anaerocolumna chitinilytica (acht)

Using Organism: Eubacterium eligens (eel)

Using Organism: Ruminococcus torques (rto)

Using Organism: Ruminococcus gnavus (rgn)

Using Organism: Enterocloster bolteae (cbol)

Using Organism: Eubacterium rectale (ere)

Using Organism: Eubacterium rectale (ert)

Using Organism: Eubacterium rectale (era)

Using Organism: Lachnospiraceae bacterium (lbw)

Using Organism: Clostridioides difficile (cdf)


3.6.1.5-------------------------------------------------------------------------------------
Searching Clostridium thermocellum genome for probable 3.6.1.5 genes

Using Organism: Anaerocolumna cellulosilytica (acel)

Using Organism: Anaerocolumna chitinilytica (acht)

Using Organism: Eubacterium eligens (eel)

Using Organism: Ruminococcus torques (rto)

Using Organism: Ruminococcus gnavus (rgn)

Using Organism: Enterocloster bolteae (cbol)

Using Organism: Eubacterium rectale (ere)

Using Organism: Eubacterium rectale (ert)

Using Organism: Eubacterium rectale (era)

Using Organism: Lachnospiraceae bacterium (lbw)

Using Organism: Clostridioides difficile (cdf)


3.6.1.6-------------------------------------------------------------------------------------
Searching Clostridium thermocellum genome for probable 3.6.1.6 genes

Using Organism: Anaerocolumna cellulosilytica (acel)

Using Organism: Anaerocolumna chitinilytica (acht)

Using Organism: Eubacterium eligens (eel)

Using Organism: Ruminococcus torques (rto)

Using Organism: Ruminococcus gnavus (rgn)

Using Organism: Enterocloster bolteae (cbol)

Using Organism: Eubacterium rectale (ere)

Using Organism: Eubacterium rectale (ert)

Using Organism: Eubacterium rectale (era)

Using Organism: Lachnospiraceae bacterium (lbw)

Using Organism: Clostridioides difficile (cdf)


3.6.1.64-------------------------------------------------------------------------------------
Searching Clostridium thermocellum genome for probable 3.6.1.64 genes

Using Organism: Anaerocolumna cellulosilytica (acel)

Using Organism: Anaerocolumna chitinilytica (acht)

Using Organism: Eubacterium eligens (eel)

Using Organism: Ruminococcus torques (rto)

Using Organism: Ruminococcus gnavus (rgn)

Using Organism: Enterocloster bolteae (cbol)

Using Organism: Eubacterium rectale (ere)

Using Organism: Eubacterium rectale (ert)

Using Organism: Eubacterium rectale (era)

Using Organism: Lachnospiraceae bacterium (lbw)

Using Organism: Clostridioides difficile (cdf)
end time: 6 June 2022 14:6:46
