Start time: 6 June 2022 9:12:13
Expect Cut-Off:  1e-30
Percent Positive Substitution Cut-Off: 0.6


2.7.7.5-------------------------------------------------------------------------------------
Searching Clostridium thermocellum genome for probable 2.7.7.5 genes

Using Organism: Caldicellulosiruptor saccharolyticus (csc)

Using Organism: Caldicellulosiruptor bescii (ate)

Using Organism: Caldicellulosiruptor obsidiansis (cob)

Using Organism: Caldicellulosiruptor hydrothermalis (chd)

Using Organism: Caldicellulosiruptor owensensis (cow)

Using Organism: Caldicellulosiruptor kristjanssonii (cki)

Using Organism: Caldicellulosiruptor lactoaceticus (clc)

Using Organism: Caldicellulosiruptor kronotskyensis (ckn)

Using Organism: Caldicellulosiruptor changbaiensis (ccha)

Using Organism: Thermoanaerobacterium thermosaccharolyticum (ttm)


2.7.7.22-------------------------------------------------------------------------------------
Searching Clostridium thermocellum genome for probable 2.7.7.22 genes

Using Organism: Caldicellulosiruptor saccharolyticus (csc)

Using Organism: Caldicellulosiruptor bescii (ate)

Using Organism: Caldicellulosiruptor obsidiansis (cob)

Using Organism: Caldicellulosiruptor hydrothermalis (chd)

Using Organism: Caldicellulosiruptor owensensis (cow)

Using Organism: Caldicellulosiruptor kristjanssonii (cki)

Using Organism: Caldicellulosiruptor lactoaceticus (clc)

Using Organism: Caldicellulosiruptor kronotskyensis (ckn)

Using Organism: Caldicellulosiruptor changbaiensis (ccha)

Using Organism: Thermoanaerobacterium thermosaccharolyticum (ttm)


2.7.7.36-------------------------------------------------------------------------------------
Searching Clostridium thermocellum genome for probable 2.7.7.36 genes

Using Organism: Caldicellulosiruptor saccharolyticus (csc)

Using Organism: Caldicellulosiruptor bescii (ate)

Using Organism: Caldicellulosiruptor obsidiansis (cob)

Using Organism: Caldicellulosiruptor hydrothermalis (chd)

Using Organism: Caldicellulosiruptor owensensis (cow)

Using Organism: Caldicellulosiruptor kristjanssonii (cki)

Using Organism: Caldicellulosiruptor lactoaceticus (clc)

Using Organism: Caldicellulosiruptor kronotskyensis (ckn)

Using Organism: Caldicellulosiruptor changbaiensis (ccha)

Using Organism: Thermoanaerobacterium thermosaccharolyticum (ttm)


3.1.3.5-------------------------------------------------------------------------------------
Searching Clostridium thermocellum genome for probable 3.1.3.5 genes

Using Organism: Caldicellulosiruptor saccharolyticus (csc)

Using Organism: Caldicellulosiruptor bescii (ate)

Using Organism: Caldicellulosiruptor obsidiansis (cob)

Using Organism: Caldicellulosiruptor hydrothermalis (chd)

Using Organism: Caldicellulosiruptor owensensis (cow)

Using Organism: Caldicellulosiruptor kristjanssonii (cki)

Using Organism: Caldicellulosiruptor lactoaceticus (clc)

Using Organism: Caldicellulosiruptor kronotskyensis (ckn)

Using Organism: Caldicellulosiruptor changbaiensis (ccha)

Using Organism: Thermoanaerobacterium thermosaccharolyticum (ttm)
Found gene for related organism ttm:Thermoanaerobacterium thermosaccharolyticum
Tthe_1355-------------------------------------------------------------------------------------
Building FASTA report for gene Tthe_1355 (Accession: ADL68869)
Tthe_2345-------------------------------------------------------------------------------------
Building FASTA report for gene Tthe_2345 (Accession: ADL69813)


3.1.3.91-------------------------------------------------------------------------------------
Searching Clostridium thermocellum genome for probable 3.1.3.91 genes

Using Organism: Caldicellulosiruptor saccharolyticus (csc)

Using Organism: Caldicellulosiruptor bescii (ate)

Using Organism: Caldicellulosiruptor obsidiansis (cob)

Using Organism: Caldicellulosiruptor hydrothermalis (chd)

Using Organism: Caldicellulosiruptor owensensis (cow)

Using Organism: Caldicellulosiruptor kristjanssonii (cki)

Using Organism: Caldicellulosiruptor lactoaceticus (clc)

Using Organism: Caldicellulosiruptor kronotskyensis (ckn)

Using Organism: Caldicellulosiruptor changbaiensis (ccha)

Using Organism: Thermoanaerobacterium thermosaccharolyticum (ttm)


3.6.1.5-------------------------------------------------------------------------------------
Searching Clostridium thermocellum genome for probable 3.6.1.5 genes

Using Organism: Caldicellulosiruptor saccharolyticus (csc)

Using Organism: Caldicellulosiruptor bescii (ate)

Using Organism: Caldicellulosiruptor obsidiansis (cob)

Using Organism: Caldicellulosiruptor hydrothermalis (chd)

Using Organism: Caldicellulosiruptor owensensis (cow)

Using Organism: Caldicellulosiruptor kristjanssonii (cki)

Using Organism: Caldicellulosiruptor lactoaceticus (clc)

Using Organism: Caldicellulosiruptor kronotskyensis (ckn)

Using Organism: Caldicellulosiruptor changbaiensis (ccha)

Using Organism: Thermoanaerobacterium thermosaccharolyticum (ttm)


3.6.1.6-------------------------------------------------------------------------------------
Searching Clostridium thermocellum genome for probable 3.6.1.6 genes

Using Organism: Caldicellulosiruptor saccharolyticus (csc)

Using Organism: Caldicellulosiruptor bescii (ate)

Using Organism: Caldicellulosiruptor obsidiansis (cob)

Using Organism: Caldicellulosiruptor hydrothermalis (chd)

Using Organism: Caldicellulosiruptor owensensis (cow)

Using Organism: Caldicellulosiruptor kristjanssonii (cki)

Using Organism: Caldicellulosiruptor lactoaceticus (clc)

Using Organism: Caldicellulosiruptor kronotskyensis (ckn)

Using Organism: Caldicellulosiruptor changbaiensis (ccha)

Using Organism: Thermoanaerobacterium thermosaccharolyticum (ttm)


3.6.1.64-------------------------------------------------------------------------------------
Searching Clostridium thermocellum genome for probable 3.6.1.64 genes

Using Organism: Caldicellulosiruptor saccharolyticus (csc)

Using Organism: Caldicellulosiruptor bescii (ate)

Using Organism: Caldicellulosiruptor obsidiansis (cob)

Using Organism: Caldicellulosiruptor hydrothermalis (chd)

Using Organism: Caldicellulosiruptor owensensis (cow)

Using Organism: Caldicellulosiruptor kristjanssonii (cki)

Using Organism: Caldicellulosiruptor lactoaceticus (clc)

Using Organism: Caldicellulosiruptor kronotskyensis (ckn)

Using Organism: Caldicellulosiruptor changbaiensis (ccha)

Using Organism: Thermoanaerobacterium thermosaccharolyticum (ttm)
end time: 6 June 2022 9:55:2
