Start time: 6 June 2022 9:15:20
Expect Cut-Off:  1e-30
Percent Positive Substitution Cut-Off: 0.6


2.7.7.5-------------------------------------------------------------------------------------
Searching Clostridium thermocellum genome for probable 2.7.7.5 genes

Using Organism: Oscillibacter valericigenes (ova)

Using Organism: Oscillospiraceae bacterium (obj)

Using Organism: Caproicibacterium amylolyticum (caml)

Using Organism: Caproicibacterium lactatifermentans (clf)

Using Organism: Solibaculum mannosilyticum (sman)

Using Organism: Pusillimonas faecalis (pfaa)

Using Organism: Vescimonas fastidiosa (vfa)

Using Organism: Vescimonas coprocola (vcop)

Using Organism: Caproicibacter fermentans (cfem)

Using Organism: Butyrivibrio proteoclasticus (bpb)


2.7.7.22-------------------------------------------------------------------------------------
Searching Clostridium thermocellum genome for probable 2.7.7.22 genes

Using Organism: Oscillibacter valericigenes (ova)

Using Organism: Oscillospiraceae bacterium (obj)

Using Organism: Caproicibacterium amylolyticum (caml)

Using Organism: Caproicibacterium lactatifermentans (clf)

Using Organism: Solibaculum mannosilyticum (sman)

Using Organism: Pusillimonas faecalis (pfaa)

Using Organism: Vescimonas fastidiosa (vfa)

Using Organism: Vescimonas coprocola (vcop)

Using Organism: Caproicibacter fermentans (cfem)

Using Organism: Butyrivibrio proteoclasticus (bpb)


2.7.7.36-------------------------------------------------------------------------------------
Searching Clostridium thermocellum genome for probable 2.7.7.36 genes

Using Organism: Oscillibacter valericigenes (ova)

Using Organism: Oscillospiraceae bacterium (obj)

Using Organism: Caproicibacterium amylolyticum (caml)

Using Organism: Caproicibacterium lactatifermentans (clf)

Using Organism: Solibaculum mannosilyticum (sman)

Using Organism: Pusillimonas faecalis (pfaa)

Using Organism: Vescimonas fastidiosa (vfa)

Using Organism: Vescimonas coprocola (vcop)

Using Organism: Caproicibacter fermentans (cfem)

Using Organism: Butyrivibrio proteoclasticus (bpb)


3.1.3.5-------------------------------------------------------------------------------------
Searching Clostridium thermocellum genome for probable 3.1.3.5 genes

Using Organism: Oscillibacter valericigenes (ova)
Found gene for related organism ova:Oscillibacter valericigenes
OBV_04120-------------------------------------------------------------------------------------
Building FASTA report for gene OBV_04120 (Accession: BAK97610)
OBV_26790-------------------------------------------------------------------------------------
Building FASTA report for gene OBV_26790 (Accession: BAK99877)

Using Organism: Oscillospiraceae bacterium (obj)
Found gene for related organism obj:Oscillospiraceae bacterium
EIO64_03180-------------------------------------------------------------------------------------
Building FASTA report for gene EIO64_03180 (Accession: QCI58355)

Using Organism: Caproicibacterium amylolyticum (caml)
Found gene for related organism caml:Caproicibacterium amylolyticum
H6X83_01400-------------------------------------------------------------------------------------
Building FASTA report for gene H6X83_01400 (Accession: QNO18349)

Using Organism: Caproicibacterium lactatifermentans (clf)

Using Organism: Solibaculum mannosilyticum (sman)
Found gene for related organism sman:Solibaculum mannosilyticum
C12CBH8_03590-------------------------------------------------------------------------------------
Building FASTA report for gene C12CBH8_03590 (Accession: BCI59720)

Using Organism: Pusillimonas faecalis (pfaa)

Using Organism: Vescimonas fastidiosa (vfa)
Found gene for related organism vfa:Vescimonas fastidiosa
MM35RIKEN_08900-------------------------------------------------------------------------------------
Building FASTA report for gene MM35RIKEN_08900 (Accession: BCK78698)
MM35RIKEN_12130-------------------------------------------------------------------------------------
Building FASTA report for gene MM35RIKEN_12130 (Accession: BCK79021)

Using Organism: Vescimonas coprocola (vcop)
Found gene for related organism vcop:Vescimonas coprocola
MM50RIKEN_05540-------------------------------------------------------------------------------------
Building FASTA report for gene MM50RIKEN_05540 (Accession: BCK80791)
MM50RIKEN_07430-------------------------------------------------------------------------------------
Building FASTA report for gene MM50RIKEN_07430 (Accession: BCK80980)

Using Organism: Caproicibacter fermentans (cfem)

Using Organism: Butyrivibrio proteoclasticus (bpb)
Found gene for related organism bpb:Butyrivibrio proteoclasticus
bpr_I0023-------------------------------------------------------------------------------------
Building FASTA report for gene bpr_I0023 (Accession: ADL32775)
bpr_III055-------------------------------------------------------------------------------------
Building FASTA report for gene bpr_III055 (Accession: ADL35744)


3.1.3.91-------------------------------------------------------------------------------------
Searching Clostridium thermocellum genome for probable 3.1.3.91 genes

Using Organism: Oscillibacter valericigenes (ova)

Using Organism: Oscillospiraceae bacterium (obj)

Using Organism: Caproicibacterium amylolyticum (caml)

Using Organism: Caproicibacterium lactatifermentans (clf)

Using Organism: Solibaculum mannosilyticum (sman)

Using Organism: Pusillimonas faecalis (pfaa)

Using Organism: Vescimonas fastidiosa (vfa)

Using Organism: Vescimonas coprocola (vcop)

Using Organism: Caproicibacter fermentans (cfem)

Using Organism: Butyrivibrio proteoclasticus (bpb)


3.6.1.5-------------------------------------------------------------------------------------
Searching Clostridium thermocellum genome for probable 3.6.1.5 genes

Using Organism: Oscillibacter valericigenes (ova)

Using Organism: Oscillospiraceae bacterium (obj)

Using Organism: Caproicibacterium amylolyticum (caml)

Using Organism: Caproicibacterium lactatifermentans (clf)

Using Organism: Solibaculum mannosilyticum (sman)

Using Organism: Pusillimonas faecalis (pfaa)

Using Organism: Vescimonas fastidiosa (vfa)

Using Organism: Vescimonas coprocola (vcop)

Using Organism: Caproicibacter fermentans (cfem)

Using Organism: Butyrivibrio proteoclasticus (bpb)


3.6.1.6-------------------------------------------------------------------------------------
Searching Clostridium thermocellum genome for probable 3.6.1.6 genes

Using Organism: Oscillibacter valericigenes (ova)

Using Organism: Oscillospiraceae bacterium (obj)

Using Organism: Caproicibacterium amylolyticum (caml)

Using Organism: Caproicibacterium lactatifermentans (clf)

Using Organism: Solibaculum mannosilyticum (sman)

Using Organism: Pusillimonas faecalis (pfaa)

Using Organism: Vescimonas fastidiosa (vfa)

Using Organism: Vescimonas coprocola (vcop)

Using Organism: Caproicibacter fermentans (cfem)

Using Organism: Butyrivibrio proteoclasticus (bpb)


3.6.1.64-------------------------------------------------------------------------------------
Searching Clostridium thermocellum genome for probable 3.6.1.64 genes

Using Organism: Oscillibacter valericigenes (ova)

Using Organism: Oscillospiraceae bacterium (obj)

Using Organism: Caproicibacterium amylolyticum (caml)

Using Organism: Caproicibacterium lactatifermentans (clf)

Using Organism: Solibaculum mannosilyticum (sman)

Using Organism: Pusillimonas faecalis (pfaa)

Using Organism: Vescimonas fastidiosa (vfa)

Using Organism: Vescimonas coprocola (vcop)

Using Organism: Caproicibacter fermentans (cfem)

Using Organism: Butyrivibrio proteoclasticus (bpb)
end time: 6 June 2022 17:12:21
