Start time: 6 June 2022 9:16:54
Expect Cut-Off:  1e-30
Percent Positive Substitution Cut-Off: 0.6


2.7.7.5-------------------------------------------------------------------------------------
Searching Clostridium thermocellum genome for probable 2.7.7.5 genes

Using Organism: Hungateiclostridiaceae bacterium (ruk)

Using Organism: Ruminococcaceae bacterium (rbp)

Using Organism: Ruminiclostridium cellulolyticum (cce)

Using Organism: Ruminiclostridium herbifermentans (rher)

Using Organism: Thermoclostridium stercorarium (css)

Using Organism: Thermoclostridium stercorarium (csd)

Using Organism: Pseudoclostridium thermosuccinogenes (cthd)

Using Organism: Eubacterium siraeum (esr)

Using Organism: Eubacterium siraeum (esu)

Using Organism: Clostridium cellulosi (ccel)


2.7.7.22-------------------------------------------------------------------------------------
Searching Clostridium thermocellum genome for probable 2.7.7.22 genes

Using Organism: Hungateiclostridiaceae bacterium (ruk)

Using Organism: Ruminococcaceae bacterium (rbp)

Using Organism: Ruminiclostridium cellulolyticum (cce)

Using Organism: Ruminiclostridium herbifermentans (rher)

Using Organism: Thermoclostridium stercorarium (css)

Using Organism: Thermoclostridium stercorarium (csd)

Using Organism: Pseudoclostridium thermosuccinogenes (cthd)

Using Organism: Eubacterium siraeum (esr)

Using Organism: Eubacterium siraeum (esu)

Using Organism: Clostridium cellulosi (ccel)


2.7.7.36-------------------------------------------------------------------------------------
Searching Clostridium thermocellum genome for probable 2.7.7.36 genes

Using Organism: Hungateiclostridiaceae bacterium (ruk)

Using Organism: Ruminococcaceae bacterium (rbp)

Using Organism: Ruminiclostridium cellulolyticum (cce)

Using Organism: Ruminiclostridium herbifermentans (rher)

Using Organism: Thermoclostridium stercorarium (css)

Using Organism: Thermoclostridium stercorarium (csd)

Using Organism: Pseudoclostridium thermosuccinogenes (cthd)

Using Organism: Eubacterium siraeum (esr)

Using Organism: Eubacterium siraeum (esu)

Using Organism: Clostridium cellulosi (ccel)


3.1.3.5-------------------------------------------------------------------------------------
Searching Clostridium thermocellum genome for probable 3.1.3.5 genes

Using Organism: Hungateiclostridiaceae bacterium (ruk)
Found gene for related organism ruk:Hungateiclostridiaceae bacterium
A4V00_13865-------------------------------------------------------------------------------------
Building FASTA report for gene A4V00_13865 (Accession: ANU55009)

Using Organism: Ruminococcaceae bacterium (rbp)

Using Organism: Ruminiclostridium cellulolyticum (cce)
Found gene for related organism cce:Ruminiclostridium cellulolyticum
Ccel_1174-------------------------------------------------------------------------------------
Building FASTA report for gene Ccel_1174 (Accession: ACL75531)
Ccel_2519-------------------------------------------------------------------------------------
Building FASTA report for gene Ccel_2519 (Accession: ACL76847)

Using Organism: Ruminiclostridium herbifermentans (rher)
Found gene for related organism rher:Ruminiclostridium herbifermentans
EHE19_014980-------------------------------------------------------------------------------------
Building FASTA report for gene EHE19_014980 (Accession: QNU66170)
EHE19_017960-------------------------------------------------------------------------------------
Building FASTA report for gene EHE19_017960 (Accession: QNU66703)

Using Organism: Thermoclostridium stercorarium (css)

Using Organism: Thermoclostridium stercorarium (csd)

Using Organism: Pseudoclostridium thermosuccinogenes (cthd)

Using Organism: Eubacterium siraeum (esr)

Using Organism: Eubacterium siraeum (esu)

Using Organism: Clostridium cellulosi (ccel)
Found gene for related organism ccel:Clostridium cellulosi
CCDG5_0941-------------------------------------------------------------------------------------
Building FASTA report for gene CCDG5_0941 (Accession: CDZ24060)


3.1.3.91-------------------------------------------------------------------------------------
Searching Clostridium thermocellum genome for probable 3.1.3.91 genes

Using Organism: Hungateiclostridiaceae bacterium (ruk)

Using Organism: Ruminococcaceae bacterium (rbp)

Using Organism: Ruminiclostridium cellulolyticum (cce)

Using Organism: Ruminiclostridium herbifermentans (rher)

Using Organism: Thermoclostridium stercorarium (css)

Using Organism: Thermoclostridium stercorarium (csd)

Using Organism: Pseudoclostridium thermosuccinogenes (cthd)

Using Organism: Eubacterium siraeum (esr)

Using Organism: Eubacterium siraeum (esu)

Using Organism: Clostridium cellulosi (ccel)


3.6.1.5-------------------------------------------------------------------------------------
Searching Clostridium thermocellum genome for probable 3.6.1.5 genes

Using Organism: Hungateiclostridiaceae bacterium (ruk)

Using Organism: Ruminococcaceae bacterium (rbp)

Using Organism: Ruminiclostridium cellulolyticum (cce)

Using Organism: Ruminiclostridium herbifermentans (rher)

Using Organism: Thermoclostridium stercorarium (css)

Using Organism: Thermoclostridium stercorarium (csd)

Using Organism: Pseudoclostridium thermosuccinogenes (cthd)

Using Organism: Eubacterium siraeum (esr)

Using Organism: Eubacterium siraeum (esu)

Using Organism: Clostridium cellulosi (ccel)


3.6.1.6-------------------------------------------------------------------------------------
Searching Clostridium thermocellum genome for probable 3.6.1.6 genes

Using Organism: Hungateiclostridiaceae bacterium (ruk)

Using Organism: Ruminococcaceae bacterium (rbp)

Using Organism: Ruminiclostridium cellulolyticum (cce)

Using Organism: Ruminiclostridium herbifermentans (rher)

Using Organism: Thermoclostridium stercorarium (css)

Using Organism: Thermoclostridium stercorarium (csd)

Using Organism: Pseudoclostridium thermosuccinogenes (cthd)

Using Organism: Eubacterium siraeum (esr)

Using Organism: Eubacterium siraeum (esu)

Using Organism: Clostridium cellulosi (ccel)


3.6.1.64-------------------------------------------------------------------------------------
Searching Clostridium thermocellum genome for probable 3.6.1.64 genes

Using Organism: Hungateiclostridiaceae bacterium (ruk)

Using Organism: Ruminococcaceae bacterium (rbp)

Using Organism: Ruminiclostridium cellulolyticum (cce)

Using Organism: Ruminiclostridium herbifermentans (rher)

Using Organism: Thermoclostridium stercorarium (css)

Using Organism: Thermoclostridium stercorarium (csd)

Using Organism: Pseudoclostridium thermosuccinogenes (cthd)

Using Organism: Eubacterium siraeum (esr)

Using Organism: Eubacterium siraeum (esu)

Using Organism: Clostridium cellulosi (ccel)
end time: 6 June 2022 15:48:18
