Start time: 24 May 2022 14:33:50
Expect Cut-Off:  1e-30
Percent Positive Substitution Cut-Off: 0.6


3.1.3.5-------------------------------------------------------------------------------------
Searching Clostridium thermocellum genome for probable 3.1.3.5 genes

Using Organism: Hungateiclostridiaceae bacterium (ruk)
Found gene for related organism ruk:Hungateiclostridiaceae bacterium
A4V00_13865-------------------------------------------------------------------------------------
Building FASTA report for gene A4V00_13865 (Accession: ANU55009)

Using Organism: Ruminococcaceae bacterium (rbp)

Using Organism: Ruminiclostridium cellulolyticum (cce)
Found gene for related organism cce:Ruminiclostridium cellulolyticum
Ccel_1174-------------------------------------------------------------------------------------
Building FASTA report for gene Ccel_1174 (Accession: ACL75531)
Ccel_2519-------------------------------------------------------------------------------------
Building FASTA report for gene Ccel_2519 (Accession: ACL76847)

Using Organism: Ruminiclostridium herbifermentans (rher)
Found gene for related organism rher:Ruminiclostridium herbifermentans
EHE19_014980-------------------------------------------------------------------------------------
Building FASTA report for gene EHE19_014980 (Accession: QNU66170)
EHE19_017960-------------------------------------------------------------------------------------
Building FASTA report for gene EHE19_017960 (Accession: QNU66703)

Using Organism: Thermoclostridium stercorarium (css)

Using Organism: Thermoclostridium stercorarium (csd)

Using Organism: Pseudoclostridium thermosuccinogenes (cthd)

Using Organism: Eubacterium siraeum (esr)

Using Organism: Eubacterium siraeum (esu)

Using Organism: Clostridium cellulosi (ccel)
Found gene for related organism ccel:Clostridium cellulosi
CCDG5_0941-------------------------------------------------------------------------------------
Building FASTA report for gene CCDG5_0941 (Accession: CDZ24060)


2.7.4.9-------------------------------------------------------------------------------------
Searching Clostridium thermocellum genome for probable 2.7.4.9 genes

Using Organism: Hungateiclostridiaceae bacterium (ruk)
Found gene for related organism ruk:Hungateiclostridiaceae bacterium
A4V00_12690-------------------------------------------------------------------------------------
Building FASTA report for gene A4V00_12690 (Accession: ANU54804)
accession: WP_003514218.1, fraction positive substitution: 0.62
Found a significant match, eval: 2e-55
building FASTA report for Clostridium thermocellum gene WP_003514218.1

Using Organism: Ruminococcaceae bacterium (rbp)
Found gene for related organism rbp:Ruminococcaceae bacterium
B6259_02890-------------------------------------------------------------------------------------
Building FASTA report for gene B6259_02890 (Accession: ARP49925)
accession: WP_003514218.1, fraction positive substitution: 0.65
Found a significant match, eval: 2e-64
building FASTA report for Clostridium thermocellum gene WP_003514218.1

Using Organism: Ruminiclostridium cellulolyticum (cce)
Found gene for related organism cce:Ruminiclostridium cellulolyticum
Ccel_0156-------------------------------------------------------------------------------------
Building FASTA report for gene Ccel_0156 (Accession: ACL74544)
Ccel_2513-------------------------------------------------------------------------------------
Building FASTA report for gene Ccel_2513 (Accession: ACL76841)

Using Organism: Ruminiclostridium herbifermentans (rher)
Found gene for related organism rher:Ruminiclostridium herbifermentans
EHE19_001065-------------------------------------------------------------------------------------
Building FASTA report for gene EHE19_001065 (Accession: QNU67177)
EHE19_014930-------------------------------------------------------------------------------------
Building FASTA report for gene EHE19_014930 (Accession: QNU66160)
EHE19_017955-------------------------------------------------------------------------------------
Building FASTA report for gene EHE19_017955 (Accession: QNU68938)

Using Organism: Thermoclostridium stercorarium (css)
Found gene for related organism css:Thermoclostridium stercorarium
Cst_c12360-------------------------------------------------------------------------------------
Building FASTA report for gene Cst_c12360 (Accession: AGC68231)

Using Organism: Thermoclostridium stercorarium (csd)
Found gene for related organism csd:Thermoclostridium stercorarium
Clst_1192-------------------------------------------------------------------------------------
Building FASTA report for gene Clst_1192 (Accession: AGI39258)

Using Organism: Pseudoclostridium thermosuccinogenes (cthd)
Found gene for related organism cthd:Pseudoclostridium thermosuccinogenes
CDO33_00950-------------------------------------------------------------------------------------
Building FASTA report for gene CDO33_00950 (Accession: AUS95139)

Using Organism: Eubacterium siraeum (esr)
Found gene for related organism esr:Eubacterium siraeum
ES1_15540-------------------------------------------------------------------------------------
Building FASTA report for gene ES1_15540 (Accession: CBL34507)
accession: WP_003514218.1, fraction positive substitution: 0.57

Using Organism: Eubacterium siraeum (esu)
Found gene for related organism esu:Eubacterium siraeum
EUS_16040-------------------------------------------------------------------------------------
Building FASTA report for gene EUS_16040 (Accession: CBK96711)
accession: WP_003514218.1, fraction positive substitution: 0.58

Using Organism: Clostridium cellulosi (ccel)


2.7.7.22-------------------------------------------------------------------------------------
Searching Clostridium thermocellum genome for probable 2.7.7.22 genes

Using Organism: Hungateiclostridiaceae bacterium (ruk)

Using Organism: Ruminococcaceae bacterium (rbp)

Using Organism: Ruminiclostridium cellulolyticum (cce)

Using Organism: Ruminiclostridium herbifermentans (rher)

Using Organism: Thermoclostridium stercorarium (css)

Using Organism: Thermoclostridium stercorarium (csd)

Using Organism: Pseudoclostridium thermosuccinogenes (cthd)

Using Organism: Eubacterium siraeum (esr)

Using Organism: Eubacterium siraeum (esu)

Using Organism: Clostridium cellulosi (ccel)


3.1.3.5-------------------------------------------------------------------------------------
Searching Clostridium thermocellum genome for probable 3.1.3.5 genes

Using Organism: Hungateiclostridiaceae bacterium (ruk)
Found gene for related organism ruk:Hungateiclostridiaceae bacterium
A4V00_13865-------------------------------------------------------------------------------------
Building FASTA report for gene A4V00_13865 (Accession: ANU55009)

Using Organism: Ruminococcaceae bacterium (rbp)

Using Organism: Ruminiclostridium cellulolyticum (cce)
Found gene for related organism cce:Ruminiclostridium cellulolyticum
Ccel_1174-------------------------------------------------------------------------------------
Building FASTA report for gene Ccel_1174 (Accession: ACL75531)
Ccel_2519-------------------------------------------------------------------------------------
Building FASTA report for gene Ccel_2519 (Accession: ACL76847)

Using Organism: Ruminiclostridium herbifermentans (rher)
Found gene for related organism rher:Ruminiclostridium herbifermentans
EHE19_014980-------------------------------------------------------------------------------------
Building FASTA report for gene EHE19_014980 (Accession: QNU66170)
EHE19_017960-------------------------------------------------------------------------------------
Building FASTA report for gene EHE19_017960 (Accession: QNU66703)

Using Organism: Thermoclostridium stercorarium (css)

Using Organism: Thermoclostridium stercorarium (csd)

Using Organism: Pseudoclostridium thermosuccinogenes (cthd)

Using Organism: Eubacterium siraeum (esr)

Using Organism: Eubacterium siraeum (esu)

Using Organism: Clostridium cellulosi (ccel)
Found gene for related organism ccel:Clostridium cellulosi
CCDG5_0941-------------------------------------------------------------------------------------
Building FASTA report for gene CCDG5_0941 (Accession: CDZ24060)


3.1.3.91-------------------------------------------------------------------------------------
Searching Clostridium thermocellum genome for probable 3.1.3.91 genes

Using Organism: Hungateiclostridiaceae bacterium (ruk)

Using Organism: Ruminococcaceae bacterium (rbp)

Using Organism: Ruminiclostridium cellulolyticum (cce)

Using Organism: Ruminiclostridium herbifermentans (rher)

Using Organism: Thermoclostridium stercorarium (css)

Using Organism: Thermoclostridium stercorarium (csd)

Using Organism: Pseudoclostridium thermosuccinogenes (cthd)

Using Organism: Eubacterium siraeum (esr)

Using Organism: Eubacterium siraeum (esu)

Using Organism: Clostridium cellulosi (ccel)


3.6.1.5-------------------------------------------------------------------------------------
Searching Clostridium thermocellum genome for probable 3.6.1.5 genes

Using Organism: Hungateiclostridiaceae bacterium (ruk)

Using Organism: Ruminococcaceae bacterium (rbp)

Using Organism: Ruminiclostridium cellulolyticum (cce)

Using Organism: Ruminiclostridium herbifermentans (rher)

Using Organism: Thermoclostridium stercorarium (css)

Using Organism: Thermoclostridium stercorarium (csd)

Using Organism: Pseudoclostridium thermosuccinogenes (cthd)

Using Organism: Eubacterium siraeum (esr)

Using Organism: Eubacterium siraeum (esu)

Using Organism: Clostridium cellulosi (ccel)


3.6.1.6-------------------------------------------------------------------------------------
Searching Clostridium thermocellum genome for probable 3.6.1.6 genes

Using Organism: Hungateiclostridiaceae bacterium (ruk)

Using Organism: Ruminococcaceae bacterium (rbp)

Using Organism: Ruminiclostridium cellulolyticum (cce)

Using Organism: Ruminiclostridium herbifermentans (rher)

Using Organism: Thermoclostridium stercorarium (css)

Using Organism: Thermoclostridium stercorarium (csd)

Using Organism: Pseudoclostridium thermosuccinogenes (cthd)

Using Organism: Eubacterium siraeum (esr)

Using Organism: Eubacterium siraeum (esu)

Using Organism: Clostridium cellulosi (ccel)


3.6.1.64-------------------------------------------------------------------------------------
Searching Clostridium thermocellum genome for probable 3.6.1.64 genes

Using Organism: Hungateiclostridiaceae bacterium (ruk)

Using Organism: Ruminococcaceae bacterium (rbp)

Using Organism: Ruminiclostridium cellulolyticum (cce)

Using Organism: Ruminiclostridium herbifermentans (rher)

Using Organism: Thermoclostridium stercorarium (css)

Using Organism: Thermoclostridium stercorarium (csd)

Using Organism: Pseudoclostridium thermosuccinogenes (cthd)

Using Organism: Eubacterium siraeum (esr)

Using Organism: Eubacterium siraeum (esu)

Using Organism: Clostridium cellulosi (ccel)


3.6.1.12-------------------------------------------------------------------------------------
Searching Clostridium thermocellum genome for probable 3.6.1.12 genes

Using Organism: Hungateiclostridiaceae bacterium (ruk)

Using Organism: Ruminococcaceae bacterium (rbp)

Using Organism: Ruminiclostridium cellulolyticum (cce)

Using Organism: Ruminiclostridium herbifermentans (rher)

Using Organism: Thermoclostridium stercorarium (css)

Using Organism: Thermoclostridium stercorarium (csd)

Using Organism: Pseudoclostridium thermosuccinogenes (cthd)

Using Organism: Eubacterium siraeum (esr)

Using Organism: Eubacterium siraeum (esu)

Using Organism: Clostridium cellulosi (ccel)


3.6.1.65-------------------------------------------------------------------------------------
Searching Clostridium thermocellum genome for probable 3.6.1.65 genes

Using Organism: Hungateiclostridiaceae bacterium (ruk)

Using Organism: Ruminococcaceae bacterium (rbp)

Using Organism: Ruminiclostridium cellulolyticum (cce)

Using Organism: Ruminiclostridium herbifermentans (rher)

Using Organism: Thermoclostridium stercorarium (css)

Using Organism: Thermoclostridium stercorarium (csd)

Using Organism: Pseudoclostridium thermosuccinogenes (cthd)

Using Organism: Eubacterium siraeum (esr)

Using Organism: Eubacterium siraeum (esu)

Using Organism: Clostridium cellulosi (ccel)
end time: 25 May 2022 1:14:17
