Start time: 18 Mar 2022 16:36:25
Expect Cut-Off:  1e-30
Percent Positive Substitution Cut-Off: 0.6


3.1.3.104-------------------------------------------------------------------------------------
Searching Clostridium thermocellum genome for probable 3.1.3.104 genes

Using Organism: Anaerocolumna cellulosilytica (acel)
Found gene for related organism acel:Anaerocolumna cellulosilytica
acsn021_43570-------------------------------------------------------------------------------------
Building FASTA report for gene acsn021_43570 (Accession: BCJ96788)
accession: WP_003517805.1, fraction positive substitution: 0.54
accession: WP_136479316.1, fraction positive substitution: 0.54

Using Organism: Anaerocolumna chitinilytica (acht)

Using Organism: Eubacterium eligens (eel)

Using Organism: Ruminococcus torques (rto)

Using Organism: Ruminococcus gnavus (rgn)

Using Organism: Enterocloster bolteae (cbol)

Using Organism: Eubacterium rectale (ere)

Using Organism: Eubacterium rectale (ert)

Using Organism: Eubacterium rectale (era)

Using Organism: Lachnospiraceae bacterium (lbw)
Found gene for related organism lbw:Lachnospiraceae bacterium
C3V36_08805-------------------------------------------------------------------------------------
Building FASTA report for gene C3V36_08805 (Accession: AVM70493)

Using Organism: Clostridioides difficile (cdf)


1.5.1.36-------------------------------------------------------------------------------------
Searching Clostridium thermocellum genome for probable 1.5.1.36 genes

Using Organism: Anaerocolumna cellulosilytica (acel)

Using Organism: Anaerocolumna chitinilytica (acht)

Using Organism: Eubacterium eligens (eel)

Using Organism: Ruminococcus torques (rto)

Using Organism: Ruminococcus gnavus (rgn)

Using Organism: Enterocloster bolteae (cbol)

Using Organism: Eubacterium rectale (ere)

Using Organism: Eubacterium rectale (ert)

Using Organism: Eubacterium rectale (era)

Using Organism: Lachnospiraceae bacterium (lbw)

Using Organism: Clostridioides difficile (cdf)


1.5.1.38-------------------------------------------------------------------------------------
Searching Clostridium thermocellum genome for probable 1.5.1.38 genes

Using Organism: Anaerocolumna cellulosilytica (acel)

Using Organism: Anaerocolumna chitinilytica (acht)
Found gene for related organism acht:Anaerocolumna chitinilytica
bsdcttw_28180-------------------------------------------------------------------------------------
Building FASTA report for gene bsdcttw_28180 (Accession: BCJ99777)

Using Organism: Eubacterium eligens (eel)

Using Organism: Ruminococcus torques (rto)

Using Organism: Ruminococcus gnavus (rgn)

Using Organism: Enterocloster bolteae (cbol)

Using Organism: Eubacterium rectale (ere)

Using Organism: Eubacterium rectale (ert)

Using Organism: Eubacterium rectale (era)

Using Organism: Lachnospiraceae bacterium (lbw)

Using Organism: Clostridioides difficile (cdf)


1.5.1.39-------------------------------------------------------------------------------------
Searching Clostridium thermocellum genome for probable 1.5.1.39 genes

Using Organism: Anaerocolumna cellulosilytica (acel)
Found gene for related organism acel:Anaerocolumna cellulosilytica
acsn021_01520-------------------------------------------------------------------------------------
Building FASTA report for gene acsn021_01520 (Accession: BCJ92583)

Using Organism: Anaerocolumna chitinilytica (acht)

Using Organism: Eubacterium eligens (eel)

Using Organism: Ruminococcus torques (rto)

Using Organism: Ruminococcus gnavus (rgn)

Using Organism: Enterocloster bolteae (cbol)

Using Organism: Eubacterium rectale (ere)

Using Organism: Eubacterium rectale (ert)

Using Organism: Eubacterium rectale (era)

Using Organism: Lachnospiraceae bacterium (lbw)

Using Organism: Clostridioides difficile (cdf)


1.5.1.42-------------------------------------------------------------------------------------
Searching Clostridium thermocellum genome for probable 1.5.1.42 genes

Using Organism: Anaerocolumna cellulosilytica (acel)

Using Organism: Anaerocolumna chitinilytica (acht)

Using Organism: Eubacterium eligens (eel)

Using Organism: Ruminococcus torques (rto)

Using Organism: Ruminococcus gnavus (rgn)

Using Organism: Enterocloster bolteae (cbol)

Using Organism: Eubacterium rectale (ere)

Using Organism: Eubacterium rectale (ert)

Using Organism: Eubacterium rectale (era)

Using Organism: Lachnospiraceae bacterium (lbw)

Using Organism: Clostridioides difficile (cdf)


1.13.11.79-------------------------------------------------------------------------------------
Searching Clostridium thermocellum genome for probable 1.13.11.79 genes

Using Organism: Anaerocolumna cellulosilytica (acel)

Using Organism: Anaerocolumna chitinilytica (acht)

Using Organism: Eubacterium eligens (eel)

Using Organism: Ruminococcus torques (rto)

Using Organism: Ruminococcus gnavus (rgn)

Using Organism: Enterocloster bolteae (cbol)

Using Organism: Eubacterium rectale (ere)

Using Organism: Eubacterium rectale (ert)

Using Organism: Eubacterium rectale (era)

Using Organism: Lachnospiraceae bacterium (lbw)

Using Organism: Clostridioides difficile (cdf)


4.99.1.3-------------------------------------------------------------------------------------
Searching Clostridium thermocellum genome for probable 4.99.1.3 genes

Using Organism: Anaerocolumna cellulosilytica (acel)
Found gene for related organism acel:Anaerocolumna cellulosilytica
acsn021_39720-------------------------------------------------------------------------------------
Building FASTA report for gene acsn021_39720 (Accession: BCJ96403)

Using Organism: Anaerocolumna chitinilytica (acht)
Found gene for related organism acht:Anaerocolumna chitinilytica
bsdcttw_22390-------------------------------------------------------------------------------------
Building FASTA report for gene bsdcttw_22390 (Accession: BCJ99198)

Using Organism: Eubacterium eligens (eel)
Found gene for related organism eel:Eubacterium eligens
EUBELI_20192-------------------------------------------------------------------------------------
Building FASTA report for gene EUBELI_20192 (Accession: ACR73337)

Using Organism: Ruminococcus torques (rto)
Found gene for related organism rto:Ruminococcus torques
RTO_29530-------------------------------------------------------------------------------------
Building FASTA report for gene RTO_29530 (Accession: CBL27368)

Using Organism: Ruminococcus gnavus (rgn)
Found gene for related organism rgn:Ruminococcus gnavus
RGna_05600-------------------------------------------------------------------------------------
Building FASTA report for gene RGna_05600 (Accession: QHB25207)

Using Organism: Enterocloster bolteae (cbol)
Found gene for related organism cbol:Enterocloster bolteae
CGC65_10005-------------------------------------------------------------------------------------
Building FASTA report for gene CGC65_10005 (Accession: ASN94984)

Using Organism: Eubacterium rectale (ere)
Found gene for related organism ere:Eubacterium rectale
EUBREC_1931-------------------------------------------------------------------------------------
Building FASTA report for gene EUBREC_1931 (Accession: ACR75675)

Using Organism: Eubacterium rectale (ert)
Found gene for related organism ert:Eubacterium rectale
EUR_15770-------------------------------------------------------------------------------------
Building FASTA report for gene EUR_15770 (Accession: CBK90653)

Using Organism: Eubacterium rectale (era)
Found gene for related organism era:Eubacterium rectale
ERE_29450-------------------------------------------------------------------------------------

Using Organism: Lachnospiraceae bacterium (lbw)

Using Organism: Clostridioides difficile (cdf)
Found gene for related organism cdf:Clostridioides difficile
CD630_34220-------------------------------------------------------------------------------------


2.1.1.151-------------------------------------------------------------------------------------
Searching Clostridium thermocellum genome for probable 2.1.1.151 genes

Using Organism: Anaerocolumna cellulosilytica (acel)

Using Organism: Anaerocolumna chitinilytica (acht)

Using Organism: Eubacterium eligens (eel)

Using Organism: Ruminococcus torques (rto)

Using Organism: Ruminococcus gnavus (rgn)

Using Organism: Enterocloster bolteae (cbol)

Using Organism: Eubacterium rectale (ere)

Using Organism: Eubacterium rectale (ert)

Using Organism: Eubacterium rectale (era)

Using Organism: Lachnospiraceae bacterium (lbw)

Using Organism: Clostridioides difficile (cdf)


2.1.1.272-------------------------------------------------------------------------------------
Searching Clostridium thermocellum genome for probable 2.1.1.272 genes

Using Organism: Anaerocolumna cellulosilytica (acel)

Using Organism: Anaerocolumna chitinilytica (acht)

Using Organism: Eubacterium eligens (eel)

Using Organism: Ruminococcus torques (rto)

Using Organism: Ruminococcus gnavus (rgn)

Using Organism: Enterocloster bolteae (cbol)

Using Organism: Eubacterium rectale (ere)

Using Organism: Eubacterium rectale (ert)

Using Organism: Eubacterium rectale (era)

Using Organism: Lachnospiraceae bacterium (lbw)

Using Organism: Clostridioides difficile (cdf)


2.1.1.271-------------------------------------------------------------------------------------
Searching Clostridium thermocellum genome for probable 2.1.1.271 genes

Using Organism: Anaerocolumna cellulosilytica (acel)

Using Organism: Anaerocolumna chitinilytica (acht)

Using Organism: Eubacterium eligens (eel)

Using Organism: Ruminococcus torques (rto)

Using Organism: Ruminococcus gnavus (rgn)

Using Organism: Enterocloster bolteae (cbol)

Using Organism: Eubacterium rectale (ere)

Using Organism: Eubacterium rectale (ert)

Using Organism: Eubacterium rectale (era)

Using Organism: Lachnospiraceae bacterium (lbw)

Using Organism: Clostridioides difficile (cdf)


3.7.1.12-------------------------------------------------------------------------------------
Searching Clostridium thermocellum genome for probable 3.7.1.12 genes

Using Organism: Anaerocolumna cellulosilytica (acel)

Using Organism: Anaerocolumna chitinilytica (acht)

Using Organism: Eubacterium eligens (eel)

Using Organism: Ruminococcus torques (rto)

Using Organism: Ruminococcus gnavus (rgn)

Using Organism: Enterocloster bolteae (cbol)

Using Organism: Eubacterium rectale (ere)

Using Organism: Eubacterium rectale (ert)

Using Organism: Eubacterium rectale (era)

Using Organism: Lachnospiraceae bacterium (lbw)

Using Organism: Clostridioides difficile (cdf)


2.1.1.195-------------------------------------------------------------------------------------
Searching Clostridium thermocellum genome for probable 2.1.1.195 genes

Using Organism: Anaerocolumna cellulosilytica (acel)

Using Organism: Anaerocolumna chitinilytica (acht)

Using Organism: Eubacterium eligens (eel)

Using Organism: Ruminococcus torques (rto)

Using Organism: Ruminococcus gnavus (rgn)

Using Organism: Enterocloster bolteae (cbol)

Using Organism: Eubacterium rectale (ere)

Using Organism: Eubacterium rectale (ert)

Using Organism: Eubacterium rectale (era)

Using Organism: Lachnospiraceae bacterium (lbw)

Using Organism: Clostridioides difficile (cdf)


1.3.1.106-------------------------------------------------------------------------------------
Searching Clostridium thermocellum genome for probable 1.3.1.106 genes

Using Organism: Anaerocolumna cellulosilytica (acel)

Using Organism: Anaerocolumna chitinilytica (acht)

Using Organism: Eubacterium eligens (eel)

Using Organism: Ruminococcus torques (rto)

Using Organism: Ruminococcus gnavus (rgn)

Using Organism: Enterocloster bolteae (cbol)

Using Organism: Eubacterium rectale (ere)

Using Organism: Eubacterium rectale (ert)

Using Organism: Eubacterium rectale (era)

Using Organism: Lachnospiraceae bacterium (lbw)

Using Organism: Clostridioides difficile (cdf)


2.1.1.196-------------------------------------------------------------------------------------
Searching Clostridium thermocellum genome for probable 2.1.1.196 genes

Using Organism: Anaerocolumna cellulosilytica (acel)

Using Organism: Anaerocolumna chitinilytica (acht)

Using Organism: Eubacterium eligens (eel)

Using Organism: Ruminococcus torques (rto)

Using Organism: Ruminococcus gnavus (rgn)

Using Organism: Enterocloster bolteae (cbol)

Using Organism: Eubacterium rectale (ere)

Using Organism: Eubacterium rectale (ert)

Using Organism: Eubacterium rectale (era)

Using Organism: Lachnospiraceae bacterium (lbw)

Using Organism: Clostridioides difficile (cdf)


2.1.1.289-------------------------------------------------------------------------------------
Searching Clostridium thermocellum genome for probable 2.1.1.289 genes

Using Organism: Anaerocolumna cellulosilytica (acel)

Using Organism: Anaerocolumna chitinilytica (acht)

Using Organism: Eubacterium eligens (eel)

Using Organism: Ruminococcus torques (rto)

Using Organism: Ruminococcus gnavus (rgn)

Using Organism: Enterocloster bolteae (cbol)

Using Organism: Eubacterium rectale (ere)

Using Organism: Eubacterium rectale (ert)

Using Organism: Eubacterium rectale (era)

Using Organism: Lachnospiraceae bacterium (lbw)

Using Organism: Clostridioides difficile (cdf)


5.4.99.60-------------------------------------------------------------------------------------
Searching Clostridium thermocellum genome for probable 5.4.99.60 genes

Using Organism: Anaerocolumna cellulosilytica (acel)

Using Organism: Anaerocolumna chitinilytica (acht)

Using Organism: Eubacterium eligens (eel)

Using Organism: Ruminococcus torques (rto)

Using Organism: Ruminococcus gnavus (rgn)

Using Organism: Enterocloster bolteae (cbol)

Using Organism: Eubacterium rectale (ere)

Using Organism: Eubacterium rectale (ert)

Using Organism: Eubacterium rectale (era)

Using Organism: Lachnospiraceae bacterium (lbw)

Using Organism: Clostridioides difficile (cdf)


6.3.5.11-------------------------------------------------------------------------------------
Searching Clostridium thermocellum genome for probable 6.3.5.11 genes

Using Organism: Anaerocolumna cellulosilytica (acel)

Using Organism: Anaerocolumna chitinilytica (acht)

Using Organism: Eubacterium eligens (eel)

Using Organism: Ruminococcus torques (rto)

Using Organism: Ruminococcus gnavus (rgn)

Using Organism: Enterocloster bolteae (cbol)

Using Organism: Eubacterium rectale (ere)

Using Organism: Eubacterium rectale (ert)

Using Organism: Eubacterium rectale (era)

Using Organism: Lachnospiraceae bacterium (lbw)

Using Organism: Clostridioides difficile (cdf)


6.3.5.10-------------------------------------------------------------------------------------
Searching Clostridium thermocellum genome for probable 6.3.5.10 genes

Using Organism: Anaerocolumna cellulosilytica (acel)

Using Organism: Anaerocolumna chitinilytica (acht)

Using Organism: Eubacterium eligens (eel)

Using Organism: Ruminococcus torques (rto)

Using Organism: Ruminococcus gnavus (rgn)

Using Organism: Enterocloster bolteae (cbol)

Using Organism: Eubacterium rectale (ere)

Using Organism: Eubacterium rectale (ert)

Using Organism: Eubacterium rectale (era)

Using Organism: Lachnospiraceae bacterium (lbw)

Using Organism: Clostridioides difficile (cdf)


6.3.4.18-------------------------------------------------------------------------------------
Searching Clostridium thermocellum genome for probable 6.3.4.18 genes

Using Organism: Anaerocolumna cellulosilytica (acel)

Using Organism: Anaerocolumna chitinilytica (acht)

Using Organism: Eubacterium eligens (eel)

Using Organism: Ruminococcus torques (rto)

Using Organism: Ruminococcus gnavus (rgn)

Using Organism: Enterocloster bolteae (cbol)

Using Organism: Eubacterium rectale (ere)

Using Organism: Eubacterium rectale (ert)

Using Organism: Eubacterium rectale (era)

Using Organism: Lachnospiraceae bacterium (lbw)

Using Organism: Clostridioides difficile (cdf)


4.1.1.21-------------------------------------------------------------------------------------
Searching Clostridium thermocellum genome for probable 4.1.1.21 genes

Using Organism: Anaerocolumna cellulosilytica (acel)

Using Organism: Anaerocolumna chitinilytica (acht)

Using Organism: Eubacterium eligens (eel)

Using Organism: Ruminococcus torques (rto)

Using Organism: Ruminococcus gnavus (rgn)

Using Organism: Enterocloster bolteae (cbol)

Using Organism: Eubacterium rectale (ere)

Using Organism: Eubacterium rectale (ert)

Using Organism: Eubacterium rectale (era)

Using Organism: Lachnospiraceae bacterium (lbw)

Using Organism: Clostridioides difficile (cdf)


3.5.4.4-------------------------------------------------------------------------------------
Searching Clostridium thermocellum genome for probable 3.5.4.4 genes

Using Organism: Anaerocolumna cellulosilytica (acel)

Using Organism: Anaerocolumna chitinilytica (acht)

Using Organism: Eubacterium eligens (eel)

Using Organism: Ruminococcus torques (rto)

Using Organism: Ruminococcus gnavus (rgn)

Using Organism: Enterocloster bolteae (cbol)

Using Organism: Eubacterium rectale (ere)

Using Organism: Eubacterium rectale (ert)

Using Organism: Eubacterium rectale (era)

Using Organism: Lachnospiraceae bacterium (lbw)

Using Organism: Clostridioides difficile (cdf)


6.3.4.25-------------------------------------------------------------------------------------
Searching Clostridium thermocellum genome for probable 6.3.4.25 genes

Using Organism: Anaerocolumna cellulosilytica (acel)

Using Organism: Anaerocolumna chitinilytica (acht)

Using Organism: Eubacterium eligens (eel)

Using Organism: Ruminococcus torques (rto)

Using Organism: Ruminococcus gnavus (rgn)

Using Organism: Enterocloster bolteae (cbol)

Using Organism: Eubacterium rectale (ere)

Using Organism: Eubacterium rectale (ert)

Using Organism: Eubacterium rectale (era)

Using Organism: Lachnospiraceae bacterium (lbw)

Using Organism: Clostridioides difficile (cdf)


2.4.2.10-------------------------------------------------------------------------------------
Searching Clostridium thermocellum genome for probable 2.4.2.10 genes

Using Organism: Anaerocolumna cellulosilytica (acel)

Using Organism: Anaerocolumna chitinilytica (acht)

Using Organism: Eubacterium eligens (eel)

Using Organism: Ruminococcus torques (rto)

Using Organism: Ruminococcus gnavus (rgn)

Using Organism: Enterocloster bolteae (cbol)

Using Organism: Eubacterium rectale (ere)

Using Organism: Eubacterium rectale (ert)

Using Organism: Eubacterium rectale (era)

Using Organism: Lachnospiraceae bacterium (lbw)

Using Organism: Clostridioides difficile (cdf)
end time: 19 Mar 2022 23:14:54
