Start time: 18 Mar 2022 16:36:5
Expect Cut-Off:  1e-30
Percent Positive Substitution Cut-Off: 0.6


3.1.3.104-------------------------------------------------------------------------------------
Searching Clostridium thermocellum genome for probable 3.1.3.104 genes

Using Organism: Thermoanaerobacter mathranii (tmt)

Using Organism: Thermoanaerobacter brockii (tbo)

Using Organism: Thermoanaerobacter wiegelii (twi)

Using Organism: Thermoanaerobacter kivui (tki)

Using Organism: Carboxydothermus hydrogenoformans (chy)

Using Organism: Moorella thermoacetica (mta)

Using Organism: Moorella thermoacetica (mtho)

Using Organism: Moorella thermoacetica (mthz)

Using Organism: Ammonifex degensii (adg)

Using Organism: Thermacetogenium phaeum (tpz)

Using Organism: Gelria sp. (gek)


1.5.1.36-------------------------------------------------------------------------------------
Searching Clostridium thermocellum genome for probable 1.5.1.36 genes

Using Organism: Thermoanaerobacter mathranii (tmt)

Using Organism: Thermoanaerobacter brockii (tbo)

Using Organism: Thermoanaerobacter wiegelii (twi)

Using Organism: Thermoanaerobacter kivui (tki)

Using Organism: Carboxydothermus hydrogenoformans (chy)

Using Organism: Moorella thermoacetica (mta)

Using Organism: Moorella thermoacetica (mtho)

Using Organism: Moorella thermoacetica (mthz)

Using Organism: Ammonifex degensii (adg)

Using Organism: Thermacetogenium phaeum (tpz)

Using Organism: Gelria sp. (gek)


1.5.1.38-------------------------------------------------------------------------------------
Searching Clostridium thermocellum genome for probable 1.5.1.38 genes

Using Organism: Thermoanaerobacter mathranii (tmt)

Using Organism: Thermoanaerobacter brockii (tbo)

Using Organism: Thermoanaerobacter wiegelii (twi)

Using Organism: Thermoanaerobacter kivui (tki)

Using Organism: Carboxydothermus hydrogenoformans (chy)

Using Organism: Moorella thermoacetica (mta)

Using Organism: Moorella thermoacetica (mtho)

Using Organism: Moorella thermoacetica (mthz)

Using Organism: Ammonifex degensii (adg)

Using Organism: Thermacetogenium phaeum (tpz)

Using Organism: Gelria sp. (gek)


1.5.1.39-------------------------------------------------------------------------------------
Searching Clostridium thermocellum genome for probable 1.5.1.39 genes

Using Organism: Thermoanaerobacter mathranii (tmt)

Using Organism: Thermoanaerobacter brockii (tbo)

Using Organism: Thermoanaerobacter wiegelii (twi)

Using Organism: Thermoanaerobacter kivui (tki)

Using Organism: Carboxydothermus hydrogenoformans (chy)

Using Organism: Moorella thermoacetica (mta)

Using Organism: Moorella thermoacetica (mtho)

Using Organism: Moorella thermoacetica (mthz)

Using Organism: Ammonifex degensii (adg)

Using Organism: Thermacetogenium phaeum (tpz)

Using Organism: Gelria sp. (gek)


1.5.1.42-------------------------------------------------------------------------------------
Searching Clostridium thermocellum genome for probable 1.5.1.42 genes

Using Organism: Thermoanaerobacter mathranii (tmt)

Using Organism: Thermoanaerobacter brockii (tbo)

Using Organism: Thermoanaerobacter wiegelii (twi)

Using Organism: Thermoanaerobacter kivui (tki)

Using Organism: Carboxydothermus hydrogenoformans (chy)

Using Organism: Moorella thermoacetica (mta)

Using Organism: Moorella thermoacetica (mtho)

Using Organism: Moorella thermoacetica (mthz)

Using Organism: Ammonifex degensii (adg)

Using Organism: Thermacetogenium phaeum (tpz)

Using Organism: Gelria sp. (gek)


1.13.11.79-------------------------------------------------------------------------------------
Searching Clostridium thermocellum genome for probable 1.13.11.79 genes

Using Organism: Thermoanaerobacter mathranii (tmt)

Using Organism: Thermoanaerobacter brockii (tbo)

Using Organism: Thermoanaerobacter wiegelii (twi)

Using Organism: Thermoanaerobacter kivui (tki)

Using Organism: Carboxydothermus hydrogenoformans (chy)

Using Organism: Moorella thermoacetica (mta)

Using Organism: Moorella thermoacetica (mtho)

Using Organism: Moorella thermoacetica (mthz)

Using Organism: Ammonifex degensii (adg)

Using Organism: Thermacetogenium phaeum (tpz)

Using Organism: Gelria sp. (gek)


4.99.1.3-------------------------------------------------------------------------------------
Searching Clostridium thermocellum genome for probable 4.99.1.3 genes

Using Organism: Thermoanaerobacter mathranii (tmt)

Using Organism: Thermoanaerobacter brockii (tbo)

Using Organism: Thermoanaerobacter wiegelii (twi)

Using Organism: Thermoanaerobacter kivui (tki)

Using Organism: Carboxydothermus hydrogenoformans (chy)
Found gene for related organism chy:Carboxydothermus hydrogenoformans
CHY_0766-------------------------------------------------------------------------------------
Building FASTA report for gene CHY_0766 (Accession: ABB13887)

Using Organism: Moorella thermoacetica (mta)

Using Organism: Moorella thermoacetica (mtho)

Using Organism: Moorella thermoacetica (mthz)

Using Organism: Ammonifex degensii (adg)

Using Organism: Thermacetogenium phaeum (tpz)

Using Organism: Gelria sp. (gek)


2.1.1.151-------------------------------------------------------------------------------------
Searching Clostridium thermocellum genome for probable 2.1.1.151 genes

Using Organism: Thermoanaerobacter mathranii (tmt)
Found gene for related organism tmt:Thermoanaerobacter mathranii
Tmath_0425-------------------------------------------------------------------------------------
Building FASTA report for gene Tmath_0425 (Accession: ADH60198)

Using Organism: Thermoanaerobacter brockii (tbo)

Using Organism: Thermoanaerobacter wiegelii (twi)

Using Organism: Thermoanaerobacter kivui (tki)
Found gene for related organism tki:Thermoanaerobacter kivui
TKV_c03250-------------------------------------------------------------------------------------
Building FASTA report for gene TKV_c03250 (Accession: AIS51530)

Using Organism: Carboxydothermus hydrogenoformans (chy)
Found gene for related organism chy:Carboxydothermus hydrogenoformans
CHY_0761-------------------------------------------------------------------------------------
Building FASTA report for gene CHY_0761 (Accession: ABB13775)

Using Organism: Moorella thermoacetica (mta)
Found gene for related organism mta:Moorella thermoacetica
Moth_1091-------------------------------------------------------------------------------------
Building FASTA report for gene Moth_1091 (Accession: ABC19405)

Using Organism: Moorella thermoacetica (mtho)
Found gene for related organism mtho:Moorella thermoacetica
MOTHE_c10510-------------------------------------------------------------------------------------
Building FASTA report for gene MOTHE_c10510 (Accession: AKX93853)

Using Organism: Moorella thermoacetica (mthz)
Found gene for related organism mthz:Moorella thermoacetica
MOTHA_c11400-------------------------------------------------------------------------------------
Building FASTA report for gene MOTHA_c11400 (Accession: AKX96495)

Using Organism: Ammonifex degensii (adg)
Found gene for related organism adg:Ammonifex degensii
Adeg_0933-------------------------------------------------------------------------------------
Building FASTA report for gene Adeg_0933 (Accession: ACX52069)

Using Organism: Thermacetogenium phaeum (tpz)
Found gene for related organism tpz:Thermacetogenium phaeum
Tph_c05240-------------------------------------------------------------------------------------
Building FASTA report for gene Tph_c05240 (Accession: AFV10762)

Using Organism: Gelria sp. (gek)


2.1.1.272-------------------------------------------------------------------------------------
Searching Clostridium thermocellum genome for probable 2.1.1.272 genes

Using Organism: Thermoanaerobacter mathranii (tmt)
Found gene for related organism tmt:Thermoanaerobacter mathranii
Tmath_0428-------------------------------------------------------------------------------------
Building FASTA report for gene Tmath_0428 (Accession: ADH60201)

Using Organism: Thermoanaerobacter brockii (tbo)

Using Organism: Thermoanaerobacter wiegelii (twi)

Using Organism: Thermoanaerobacter kivui (tki)
Found gene for related organism tki:Thermoanaerobacter kivui
TKV_c03280-------------------------------------------------------------------------------------
Building FASTA report for gene TKV_c03280 (Accession: AIS51533)

Using Organism: Carboxydothermus hydrogenoformans (chy)
Found gene for related organism chy:Carboxydothermus hydrogenoformans
CHY_0764-------------------------------------------------------------------------------------
Building FASTA report for gene CHY_0764 (Accession: ABB13744)

Using Organism: Moorella thermoacetica (mta)
Found gene for related organism mta:Moorella thermoacetica
Moth_1094-------------------------------------------------------------------------------------
Building FASTA report for gene Moth_1094 (Accession: ABC19408)

Using Organism: Moorella thermoacetica (mtho)
Found gene for related organism mtho:Moorella thermoacetica
MOTHE_c10540-------------------------------------------------------------------------------------
Building FASTA report for gene MOTHE_c10540 (Accession: AKX93856)

Using Organism: Moorella thermoacetica (mthz)
Found gene for related organism mthz:Moorella thermoacetica
MOTHA_c11430-------------------------------------------------------------------------------------
Building FASTA report for gene MOTHA_c11430 (Accession: AKX96498)

Using Organism: Ammonifex degensii (adg)
Found gene for related organism adg:Ammonifex degensii
Adeg_0936-------------------------------------------------------------------------------------
Building FASTA report for gene Adeg_0936 (Accession: ACX52072)

Using Organism: Thermacetogenium phaeum (tpz)
Found gene for related organism tpz:Thermacetogenium phaeum
Tph_c05270-------------------------------------------------------------------------------------
Building FASTA report for gene Tph_c05270 (Accession: AFV10765)

Using Organism: Gelria sp. (gek)


2.1.1.271-------------------------------------------------------------------------------------
Searching Clostridium thermocellum genome for probable 2.1.1.271 genes

Using Organism: Thermoanaerobacter mathranii (tmt)
Found gene for related organism tmt:Thermoanaerobacter mathranii
Tmath_0426-------------------------------------------------------------------------------------
Building FASTA report for gene Tmath_0426 (Accession: ADH60199)

Using Organism: Thermoanaerobacter brockii (tbo)

Using Organism: Thermoanaerobacter wiegelii (twi)

Using Organism: Thermoanaerobacter kivui (tki)
Found gene for related organism tki:Thermoanaerobacter kivui
TKV_c03260-------------------------------------------------------------------------------------
Building FASTA report for gene TKV_c03260 (Accession: AIS51531)

Using Organism: Carboxydothermus hydrogenoformans (chy)
Found gene for related organism chy:Carboxydothermus hydrogenoformans
CHY_0762-------------------------------------------------------------------------------------
Building FASTA report for gene CHY_0762 (Accession: ABB15820)

Using Organism: Moorella thermoacetica (mta)
Found gene for related organism mta:Moorella thermoacetica
Moth_1092-------------------------------------------------------------------------------------

Using Organism: Moorella thermoacetica (mtho)
Found gene for related organism mtho:Moorella thermoacetica
MOTHE_c10520-------------------------------------------------------------------------------------

Using Organism: Moorella thermoacetica (mthz)
Found gene for related organism mthz:Moorella thermoacetica
MOTHA_c11410-------------------------------------------------------------------------------------

Using Organism: Ammonifex degensii (adg)
Found gene for related organism adg:Ammonifex degensii
Adeg_0934-------------------------------------------------------------------------------------

Using Organism: Thermacetogenium phaeum (tpz)
Found gene for related organism tpz:Thermacetogenium phaeum
Tph_c05250-------------------------------------------------------------------------------------

Using Organism: Gelria sp. (gek)


3.7.1.12-------------------------------------------------------------------------------------
Searching Clostridium thermocellum genome for probable 3.7.1.12 genes

Using Organism: Thermoanaerobacter mathranii (tmt)

Using Organism: Thermoanaerobacter brockii (tbo)

Using Organism: Thermoanaerobacter wiegelii (twi)

Using Organism: Thermoanaerobacter kivui (tki)

Using Organism: Carboxydothermus hydrogenoformans (chy)

Using Organism: Moorella thermoacetica (mta)

Using Organism: Moorella thermoacetica (mtho)

Using Organism: Moorella thermoacetica (mthz)

Using Organism: Ammonifex degensii (adg)

Using Organism: Thermacetogenium phaeum (tpz)

Using Organism: Gelria sp. (gek)


2.1.1.195-------------------------------------------------------------------------------------
Searching Clostridium thermocellum genome for probable 2.1.1.195 genes

Using Organism: Thermoanaerobacter mathranii (tmt)

Using Organism: Thermoanaerobacter brockii (tbo)

Using Organism: Thermoanaerobacter wiegelii (twi)

Using Organism: Thermoanaerobacter kivui (tki)

Using Organism: Carboxydothermus hydrogenoformans (chy)

Using Organism: Moorella thermoacetica (mta)

Using Organism: Moorella thermoacetica (mtho)

Using Organism: Moorella thermoacetica (mthz)

Using Organism: Ammonifex degensii (adg)

Using Organism: Thermacetogenium phaeum (tpz)

Using Organism: Gelria sp. (gek)


1.3.1.106-------------------------------------------------------------------------------------
Searching Clostridium thermocellum genome for probable 1.3.1.106 genes

Using Organism: Thermoanaerobacter mathranii (tmt)

Using Organism: Thermoanaerobacter brockii (tbo)

Using Organism: Thermoanaerobacter wiegelii (twi)

Using Organism: Thermoanaerobacter kivui (tki)

Using Organism: Carboxydothermus hydrogenoformans (chy)

Using Organism: Moorella thermoacetica (mta)

Using Organism: Moorella thermoacetica (mtho)

Using Organism: Moorella thermoacetica (mthz)

Using Organism: Ammonifex degensii (adg)

Using Organism: Thermacetogenium phaeum (tpz)

Using Organism: Gelria sp. (gek)


2.1.1.196-------------------------------------------------------------------------------------
Searching Clostridium thermocellum genome for probable 2.1.1.196 genes

Using Organism: Thermoanaerobacter mathranii (tmt)

Using Organism: Thermoanaerobacter brockii (tbo)

Using Organism: Thermoanaerobacter wiegelii (twi)

Using Organism: Thermoanaerobacter kivui (tki)

Using Organism: Carboxydothermus hydrogenoformans (chy)

Using Organism: Moorella thermoacetica (mta)

Using Organism: Moorella thermoacetica (mtho)

Using Organism: Moorella thermoacetica (mthz)

Using Organism: Ammonifex degensii (adg)

Using Organism: Thermacetogenium phaeum (tpz)

Using Organism: Gelria sp. (gek)


2.1.1.289-------------------------------------------------------------------------------------
Searching Clostridium thermocellum genome for probable 2.1.1.289 genes

Using Organism: Thermoanaerobacter mathranii (tmt)

Using Organism: Thermoanaerobacter brockii (tbo)

Using Organism: Thermoanaerobacter wiegelii (twi)

Using Organism: Thermoanaerobacter kivui (tki)

Using Organism: Carboxydothermus hydrogenoformans (chy)

Using Organism: Moorella thermoacetica (mta)

Using Organism: Moorella thermoacetica (mtho)

Using Organism: Moorella thermoacetica (mthz)

Using Organism: Ammonifex degensii (adg)

Using Organism: Thermacetogenium phaeum (tpz)

Using Organism: Gelria sp. (gek)


5.4.99.60-------------------------------------------------------------------------------------
Searching Clostridium thermocellum genome for probable 5.4.99.60 genes

Using Organism: Thermoanaerobacter mathranii (tmt)

Using Organism: Thermoanaerobacter brockii (tbo)

Using Organism: Thermoanaerobacter wiegelii (twi)

Using Organism: Thermoanaerobacter kivui (tki)

Using Organism: Carboxydothermus hydrogenoformans (chy)

Using Organism: Moorella thermoacetica (mta)

Using Organism: Moorella thermoacetica (mtho)

Using Organism: Moorella thermoacetica (mthz)

Using Organism: Ammonifex degensii (adg)

Using Organism: Thermacetogenium phaeum (tpz)

Using Organism: Gelria sp. (gek)


6.3.5.11-------------------------------------------------------------------------------------
Searching Clostridium thermocellum genome for probable 6.3.5.11 genes

Using Organism: Thermoanaerobacter mathranii (tmt)

Using Organism: Thermoanaerobacter brockii (tbo)

Using Organism: Thermoanaerobacter wiegelii (twi)

Using Organism: Thermoanaerobacter kivui (tki)

Using Organism: Carboxydothermus hydrogenoformans (chy)

Using Organism: Moorella thermoacetica (mta)

Using Organism: Moorella thermoacetica (mtho)

Using Organism: Moorella thermoacetica (mthz)

Using Organism: Ammonifex degensii (adg)

Using Organism: Thermacetogenium phaeum (tpz)

Using Organism: Gelria sp. (gek)


6.3.5.10-------------------------------------------------------------------------------------
Searching Clostridium thermocellum genome for probable 6.3.5.10 genes

Using Organism: Thermoanaerobacter mathranii (tmt)

Using Organism: Thermoanaerobacter brockii (tbo)

Using Organism: Thermoanaerobacter wiegelii (twi)

Using Organism: Thermoanaerobacter kivui (tki)

Using Organism: Carboxydothermus hydrogenoformans (chy)

Using Organism: Moorella thermoacetica (mta)

Using Organism: Moorella thermoacetica (mtho)

Using Organism: Moorella thermoacetica (mthz)

Using Organism: Ammonifex degensii (adg)

Using Organism: Thermacetogenium phaeum (tpz)

Using Organism: Gelria sp. (gek)


6.3.4.18-------------------------------------------------------------------------------------
Searching Clostridium thermocellum genome for probable 6.3.4.18 genes

Using Organism: Thermoanaerobacter mathranii (tmt)

Using Organism: Thermoanaerobacter brockii (tbo)

Using Organism: Thermoanaerobacter wiegelii (twi)

Using Organism: Thermoanaerobacter kivui (tki)

Using Organism: Carboxydothermus hydrogenoformans (chy)

Using Organism: Moorella thermoacetica (mta)

Using Organism: Moorella thermoacetica (mtho)

Using Organism: Moorella thermoacetica (mthz)

Using Organism: Ammonifex degensii (adg)

Using Organism: Thermacetogenium phaeum (tpz)

Using Organism: Gelria sp. (gek)


4.1.1.21-------------------------------------------------------------------------------------
Searching Clostridium thermocellum genome for probable 4.1.1.21 genes

Using Organism: Thermoanaerobacter mathranii (tmt)

Using Organism: Thermoanaerobacter brockii (tbo)

Using Organism: Thermoanaerobacter wiegelii (twi)

Using Organism: Thermoanaerobacter kivui (tki)

Using Organism: Carboxydothermus hydrogenoformans (chy)

Using Organism: Moorella thermoacetica (mta)

Using Organism: Moorella thermoacetica (mtho)

Using Organism: Moorella thermoacetica (mthz)

Using Organism: Ammonifex degensii (adg)

Using Organism: Thermacetogenium phaeum (tpz)

Using Organism: Gelria sp. (gek)


3.5.4.4-------------------------------------------------------------------------------------
Searching Clostridium thermocellum genome for probable 3.5.4.4 genes

Using Organism: Thermoanaerobacter mathranii (tmt)

Using Organism: Thermoanaerobacter brockii (tbo)

Using Organism: Thermoanaerobacter wiegelii (twi)

Using Organism: Thermoanaerobacter kivui (tki)

Using Organism: Carboxydothermus hydrogenoformans (chy)

Using Organism: Moorella thermoacetica (mta)

Using Organism: Moorella thermoacetica (mtho)

Using Organism: Moorella thermoacetica (mthz)

Using Organism: Ammonifex degensii (adg)

Using Organism: Thermacetogenium phaeum (tpz)

Using Organism: Gelria sp. (gek)


6.3.4.25-------------------------------------------------------------------------------------
Searching Clostridium thermocellum genome for probable 6.3.4.25 genes

Using Organism: Thermoanaerobacter mathranii (tmt)

Using Organism: Thermoanaerobacter brockii (tbo)

Using Organism: Thermoanaerobacter wiegelii (twi)

Using Organism: Thermoanaerobacter kivui (tki)

Using Organism: Carboxydothermus hydrogenoformans (chy)

Using Organism: Moorella thermoacetica (mta)

Using Organism: Moorella thermoacetica (mtho)

Using Organism: Moorella thermoacetica (mthz)

Using Organism: Ammonifex degensii (adg)

Using Organism: Thermacetogenium phaeum (tpz)

Using Organism: Gelria sp. (gek)


2.4.2.10-------------------------------------------------------------------------------------
Searching Clostridium thermocellum genome for probable 2.4.2.10 genes

Using Organism: Thermoanaerobacter mathranii (tmt)

Using Organism: Thermoanaerobacter brockii (tbo)

Using Organism: Thermoanaerobacter wiegelii (twi)

Using Organism: Thermoanaerobacter kivui (tki)

Using Organism: Carboxydothermus hydrogenoformans (chy)

Using Organism: Moorella thermoacetica (mta)

Using Organism: Moorella thermoacetica (mtho)

Using Organism: Moorella thermoacetica (mthz)

Using Organism: Ammonifex degensii (adg)

Using Organism: Thermacetogenium phaeum (tpz)

Using Organism: Gelria sp. (gek)
end time: 19 Mar 2022 22:23:54
