Start time: 18 Mar 2022 16:36:33
Expect Cut-Off:  1e-30
Percent Positive Substitution Cut-Off: 0.6


3.1.3.104-------------------------------------------------------------------------------------
Searching Clostridium thermocellum genome for probable 3.1.3.104 genes

Using Organism: Butyrivibrio fibrisolvens (bfi)

Using Organism: Butyrivibrio hungatei (bhu)

Using Organism: Cellulosilyticum lentocellum (cle)

Using Organism: Cellulosilyticum sp. (cew)
Found gene for related organism cew:Cellulosilyticum sp.
EKH84_17890-------------------------------------------------------------------------------------
Building FASTA report for gene EKH84_17890 (Accession: QEH70165)
accession: WP_003517805.1, fraction positive substitution: 0.53
accession: WP_136479316.1, fraction positive substitution: 0.53
EKH84_20815-------------------------------------------------------------------------------------
Building FASTA report for gene EKH84_20815 (Accession: QEH70695)
accession: WP_003517805.1, fraction positive substitution: 0.69
Found a significant match, eval: 9e-89
building FASTA report for Clostridium thermocellum gene WP_003517805.1
accession: WP_136479316.1, fraction positive substitution: 0.69
Found a significant match, eval: 1e-88
building FASTA report for Clostridium thermocellum gene WP_136479316.1

Using Organism: Roseburia hominis (rho)

Using Organism: Roseburia intestinalis (rix)

Using Organism: Roseburia intestinalis (rim)

Using Organism: Coprococcus sp. (coo)

Using Organism: Coprococcus catus (cct)

Using Organism: Coprococcus comes (ccom)


1.5.1.36-------------------------------------------------------------------------------------
Searching Clostridium thermocellum genome for probable 1.5.1.36 genes

Using Organism: Butyrivibrio fibrisolvens (bfi)

Using Organism: Butyrivibrio hungatei (bhu)

Using Organism: Cellulosilyticum lentocellum (cle)

Using Organism: Cellulosilyticum sp. (cew)

Using Organism: Roseburia hominis (rho)

Using Organism: Roseburia intestinalis (rix)

Using Organism: Roseburia intestinalis (rim)

Using Organism: Coprococcus sp. (coo)

Using Organism: Coprococcus catus (cct)

Using Organism: Coprococcus comes (ccom)


1.5.1.38-------------------------------------------------------------------------------------
Searching Clostridium thermocellum genome for probable 1.5.1.38 genes

Using Organism: Butyrivibrio fibrisolvens (bfi)

Using Organism: Butyrivibrio hungatei (bhu)

Using Organism: Cellulosilyticum lentocellum (cle)

Using Organism: Cellulosilyticum sp. (cew)

Using Organism: Roseburia hominis (rho)

Using Organism: Roseburia intestinalis (rix)

Using Organism: Roseburia intestinalis (rim)

Using Organism: Coprococcus sp. (coo)

Using Organism: Coprococcus catus (cct)
Found gene for related organism cct:Coprococcus catus
CC1_30850-------------------------------------------------------------------------------------
Building FASTA report for gene CC1_30850 (Accession: CBK81647)

Using Organism: Coprococcus comes (ccom)


1.5.1.39-------------------------------------------------------------------------------------
Searching Clostridium thermocellum genome for probable 1.5.1.39 genes

Using Organism: Butyrivibrio fibrisolvens (bfi)

Using Organism: Butyrivibrio hungatei (bhu)

Using Organism: Cellulosilyticum lentocellum (cle)

Using Organism: Cellulosilyticum sp. (cew)

Using Organism: Roseburia hominis (rho)

Using Organism: Roseburia intestinalis (rix)

Using Organism: Roseburia intestinalis (rim)

Using Organism: Coprococcus sp. (coo)

Using Organism: Coprococcus catus (cct)

Using Organism: Coprococcus comes (ccom)


1.5.1.42-------------------------------------------------------------------------------------
Searching Clostridium thermocellum genome for probable 1.5.1.42 genes

Using Organism: Butyrivibrio fibrisolvens (bfi)

Using Organism: Butyrivibrio hungatei (bhu)

Using Organism: Cellulosilyticum lentocellum (cle)

Using Organism: Cellulosilyticum sp. (cew)

Using Organism: Roseburia hominis (rho)

Using Organism: Roseburia intestinalis (rix)

Using Organism: Roseburia intestinalis (rim)

Using Organism: Coprococcus sp. (coo)

Using Organism: Coprococcus catus (cct)

Using Organism: Coprococcus comes (ccom)


1.13.11.79-------------------------------------------------------------------------------------
Searching Clostridium thermocellum genome for probable 1.13.11.79 genes

Using Organism: Butyrivibrio fibrisolvens (bfi)

Using Organism: Butyrivibrio hungatei (bhu)

Using Organism: Cellulosilyticum lentocellum (cle)

Using Organism: Cellulosilyticum sp. (cew)

Using Organism: Roseburia hominis (rho)

Using Organism: Roseburia intestinalis (rix)

Using Organism: Roseburia intestinalis (rim)

Using Organism: Coprococcus sp. (coo)

Using Organism: Coprococcus catus (cct)

Using Organism: Coprococcus comes (ccom)


4.99.1.3-------------------------------------------------------------------------------------
Searching Clostridium thermocellum genome for probable 4.99.1.3 genes

Using Organism: Butyrivibrio fibrisolvens (bfi)
Found gene for related organism bfi:Butyrivibrio fibrisolvens
CIY_15360-------------------------------------------------------------------------------------
Building FASTA report for gene CIY_15360 (Accession: CBK74317)

Using Organism: Butyrivibrio hungatei (bhu)

Using Organism: Cellulosilyticum lentocellum (cle)
Found gene for related organism cle:Cellulosilyticum lentocellum
Clole_3658-------------------------------------------------------------------------------------
Building FASTA report for gene Clole_3658 (Accession: ADZ85341)

Using Organism: Cellulosilyticum sp. (cew)
Found gene for related organism cew:Cellulosilyticum sp.
EKH84_00075-------------------------------------------------------------------------------------
Building FASTA report for gene EKH84_00075 (Accession: QEH66901)

Using Organism: Roseburia hominis (rho)
Found gene for related organism rho:Roseburia hominis
RHOM_08975-------------------------------------------------------------------------------------
Building FASTA report for gene RHOM_08975 (Accession: AEN96906)
RHOM_08995-------------------------------------------------------------------------------------
Building FASTA report for gene RHOM_08995 (Accession: AEN96910)

Using Organism: Roseburia intestinalis (rix)
Found gene for related organism rix:Roseburia intestinalis
RO1_19340-------------------------------------------------------------------------------------
Building FASTA report for gene RO1_19340 (Accession: CBL12480)

Using Organism: Roseburia intestinalis (rim)

Using Organism: Coprococcus sp. (coo)

Using Organism: Coprococcus catus (cct)
Found gene for related organism cct:Coprococcus catus
CC1_10340-------------------------------------------------------------------------------------
Building FASTA report for gene CC1_10340 (Accession: CBK79866)
CC1_20470-------------------------------------------------------------------------------------
Building FASTA report for gene CC1_20470 (Accession: CBK80769)

Using Organism: Coprococcus comes (ccom)
Found gene for related organism ccom:Coprococcus comes
I6K69_08430-------------------------------------------------------------------------------------
Building FASTA report for gene I6K69_08430 (Accession: QRT48368)


2.1.1.151-------------------------------------------------------------------------------------
Searching Clostridium thermocellum genome for probable 2.1.1.151 genes

Using Organism: Butyrivibrio fibrisolvens (bfi)
Found gene for related organism bfi:Butyrivibrio fibrisolvens
CIY_22700-------------------------------------------------------------------------------------
Building FASTA report for gene CIY_22700 (Accession: CBK74941)

Using Organism: Butyrivibrio hungatei (bhu)

Using Organism: Cellulosilyticum lentocellum (cle)

Using Organism: Cellulosilyticum sp. (cew)

Using Organism: Roseburia hominis (rho)

Using Organism: Roseburia intestinalis (rix)

Using Organism: Roseburia intestinalis (rim)

Using Organism: Coprococcus sp. (coo)

Using Organism: Coprococcus catus (cct)

Using Organism: Coprococcus comes (ccom)
Found gene for related organism ccom:Coprococcus comes
I6K69_14865-------------------------------------------------------------------------------------
Building FASTA report for gene I6K69_14865 (Accession: QRT49480)


2.1.1.272-------------------------------------------------------------------------------------
Searching Clostridium thermocellum genome for probable 2.1.1.272 genes

Using Organism: Butyrivibrio fibrisolvens (bfi)

Using Organism: Butyrivibrio hungatei (bhu)

Using Organism: Cellulosilyticum lentocellum (cle)

Using Organism: Cellulosilyticum sp. (cew)

Using Organism: Roseburia hominis (rho)

Using Organism: Roseburia intestinalis (rix)

Using Organism: Roseburia intestinalis (rim)

Using Organism: Coprococcus sp. (coo)

Using Organism: Coprococcus catus (cct)

Using Organism: Coprococcus comes (ccom)


2.1.1.271-------------------------------------------------------------------------------------
Searching Clostridium thermocellum genome for probable 2.1.1.271 genes

Using Organism: Butyrivibrio fibrisolvens (bfi)

Using Organism: Butyrivibrio hungatei (bhu)

Using Organism: Cellulosilyticum lentocellum (cle)

Using Organism: Cellulosilyticum sp. (cew)

Using Organism: Roseburia hominis (rho)

Using Organism: Roseburia intestinalis (rix)

Using Organism: Roseburia intestinalis (rim)

Using Organism: Coprococcus sp. (coo)

Using Organism: Coprococcus catus (cct)

Using Organism: Coprococcus comes (ccom)


3.7.1.12-------------------------------------------------------------------------------------
Searching Clostridium thermocellum genome for probable 3.7.1.12 genes

Using Organism: Butyrivibrio fibrisolvens (bfi)

Using Organism: Butyrivibrio hungatei (bhu)

Using Organism: Cellulosilyticum lentocellum (cle)

Using Organism: Cellulosilyticum sp. (cew)

Using Organism: Roseburia hominis (rho)

Using Organism: Roseburia intestinalis (rix)

Using Organism: Roseburia intestinalis (rim)

Using Organism: Coprococcus sp. (coo)

Using Organism: Coprococcus catus (cct)

Using Organism: Coprococcus comes (ccom)


2.1.1.195-------------------------------------------------------------------------------------
Searching Clostridium thermocellum genome for probable 2.1.1.195 genes

Using Organism: Butyrivibrio fibrisolvens (bfi)

Using Organism: Butyrivibrio hungatei (bhu)

Using Organism: Cellulosilyticum lentocellum (cle)

Using Organism: Cellulosilyticum sp. (cew)

Using Organism: Roseburia hominis (rho)

Using Organism: Roseburia intestinalis (rix)

Using Organism: Roseburia intestinalis (rim)

Using Organism: Coprococcus sp. (coo)

Using Organism: Coprococcus catus (cct)

Using Organism: Coprococcus comes (ccom)


1.3.1.106-------------------------------------------------------------------------------------
Searching Clostridium thermocellum genome for probable 1.3.1.106 genes

Using Organism: Butyrivibrio fibrisolvens (bfi)

Using Organism: Butyrivibrio hungatei (bhu)

Using Organism: Cellulosilyticum lentocellum (cle)

Using Organism: Cellulosilyticum sp. (cew)

Using Organism: Roseburia hominis (rho)

Using Organism: Roseburia intestinalis (rix)

Using Organism: Roseburia intestinalis (rim)

Using Organism: Coprococcus sp. (coo)

Using Organism: Coprococcus catus (cct)

Using Organism: Coprococcus comes (ccom)


2.1.1.196-------------------------------------------------------------------------------------
Searching Clostridium thermocellum genome for probable 2.1.1.196 genes

Using Organism: Butyrivibrio fibrisolvens (bfi)

Using Organism: Butyrivibrio hungatei (bhu)

Using Organism: Cellulosilyticum lentocellum (cle)

Using Organism: Cellulosilyticum sp. (cew)

Using Organism: Roseburia hominis (rho)

Using Organism: Roseburia intestinalis (rix)

Using Organism: Roseburia intestinalis (rim)

Using Organism: Coprococcus sp. (coo)

Using Organism: Coprococcus catus (cct)

Using Organism: Coprococcus comes (ccom)


2.1.1.289-------------------------------------------------------------------------------------
Searching Clostridium thermocellum genome for probable 2.1.1.289 genes

Using Organism: Butyrivibrio fibrisolvens (bfi)

Using Organism: Butyrivibrio hungatei (bhu)

Using Organism: Cellulosilyticum lentocellum (cle)

Using Organism: Cellulosilyticum sp. (cew)

Using Organism: Roseburia hominis (rho)

Using Organism: Roseburia intestinalis (rix)

Using Organism: Roseburia intestinalis (rim)

Using Organism: Coprococcus sp. (coo)

Using Organism: Coprococcus catus (cct)

Using Organism: Coprococcus comes (ccom)


5.4.99.60-------------------------------------------------------------------------------------
Searching Clostridium thermocellum genome for probable 5.4.99.60 genes

Using Organism: Butyrivibrio fibrisolvens (bfi)

Using Organism: Butyrivibrio hungatei (bhu)

Using Organism: Cellulosilyticum lentocellum (cle)

Using Organism: Cellulosilyticum sp. (cew)

Using Organism: Roseburia hominis (rho)

Using Organism: Roseburia intestinalis (rix)

Using Organism: Roseburia intestinalis (rim)

Using Organism: Coprococcus sp. (coo)

Using Organism: Coprococcus catus (cct)

Using Organism: Coprococcus comes (ccom)


6.3.5.11-------------------------------------------------------------------------------------
Searching Clostridium thermocellum genome for probable 6.3.5.11 genes

Using Organism: Butyrivibrio fibrisolvens (bfi)

Using Organism: Butyrivibrio hungatei (bhu)

Using Organism: Cellulosilyticum lentocellum (cle)

Using Organism: Cellulosilyticum sp. (cew)

Using Organism: Roseburia hominis (rho)

Using Organism: Roseburia intestinalis (rix)

Using Organism: Roseburia intestinalis (rim)

Using Organism: Coprococcus sp. (coo)

Using Organism: Coprococcus catus (cct)

Using Organism: Coprococcus comes (ccom)


6.3.5.10-------------------------------------------------------------------------------------
Searching Clostridium thermocellum genome for probable 6.3.5.10 genes

Using Organism: Butyrivibrio fibrisolvens (bfi)

Using Organism: Butyrivibrio hungatei (bhu)

Using Organism: Cellulosilyticum lentocellum (cle)

Using Organism: Cellulosilyticum sp. (cew)

Using Organism: Roseburia hominis (rho)

Using Organism: Roseburia intestinalis (rix)

Using Organism: Roseburia intestinalis (rim)

Using Organism: Coprococcus sp. (coo)

Using Organism: Coprococcus catus (cct)

Using Organism: Coprococcus comes (ccom)


6.3.4.18-------------------------------------------------------------------------------------
Searching Clostridium thermocellum genome for probable 6.3.4.18 genes

Using Organism: Butyrivibrio fibrisolvens (bfi)

Using Organism: Butyrivibrio hungatei (bhu)

Using Organism: Cellulosilyticum lentocellum (cle)

Using Organism: Cellulosilyticum sp. (cew)

Using Organism: Roseburia hominis (rho)

Using Organism: Roseburia intestinalis (rix)

Using Organism: Roseburia intestinalis (rim)

Using Organism: Coprococcus sp. (coo)

Using Organism: Coprococcus catus (cct)

Using Organism: Coprococcus comes (ccom)


4.1.1.21-------------------------------------------------------------------------------------
Searching Clostridium thermocellum genome for probable 4.1.1.21 genes

Using Organism: Butyrivibrio fibrisolvens (bfi)

Using Organism: Butyrivibrio hungatei (bhu)

Using Organism: Cellulosilyticum lentocellum (cle)

Using Organism: Cellulosilyticum sp. (cew)

Using Organism: Roseburia hominis (rho)

Using Organism: Roseburia intestinalis (rix)

Using Organism: Roseburia intestinalis (rim)

Using Organism: Coprococcus sp. (coo)

Using Organism: Coprococcus catus (cct)

Using Organism: Coprococcus comes (ccom)


3.5.4.4-------------------------------------------------------------------------------------
Searching Clostridium thermocellum genome for probable 3.5.4.4 genes

Using Organism: Butyrivibrio fibrisolvens (bfi)

Using Organism: Butyrivibrio hungatei (bhu)

Using Organism: Cellulosilyticum lentocellum (cle)

Using Organism: Cellulosilyticum sp. (cew)

Using Organism: Roseburia hominis (rho)

Using Organism: Roseburia intestinalis (rix)

Using Organism: Roseburia intestinalis (rim)

Using Organism: Coprococcus sp. (coo)

Using Organism: Coprococcus catus (cct)

Using Organism: Coprococcus comes (ccom)


6.3.4.25-------------------------------------------------------------------------------------
Searching Clostridium thermocellum genome for probable 6.3.4.25 genes

Using Organism: Butyrivibrio fibrisolvens (bfi)

Using Organism: Butyrivibrio hungatei (bhu)

Using Organism: Cellulosilyticum lentocellum (cle)

Using Organism: Cellulosilyticum sp. (cew)

Using Organism: Roseburia hominis (rho)

Using Organism: Roseburia intestinalis (rix)

Using Organism: Roseburia intestinalis (rim)

Using Organism: Coprococcus sp. (coo)

Using Organism: Coprococcus catus (cct)

Using Organism: Coprococcus comes (ccom)


2.4.2.10-------------------------------------------------------------------------------------
Searching Clostridium thermocellum genome for probable 2.4.2.10 genes

Using Organism: Butyrivibrio fibrisolvens (bfi)

Using Organism: Butyrivibrio hungatei (bhu)

Using Organism: Cellulosilyticum lentocellum (cle)

Using Organism: Cellulosilyticum sp. (cew)

Using Organism: Roseburia hominis (rho)

Using Organism: Roseburia intestinalis (rix)

Using Organism: Roseburia intestinalis (rim)

Using Organism: Coprococcus sp. (coo)

Using Organism: Coprococcus catus (cct)

Using Organism: Coprococcus comes (ccom)
end time: 19 Mar 2022 21:6:38
