Start time: 18 Mar 2022 16:36:21
Expect Cut-Off:  1e-30
Percent Positive Substitution Cut-Off: 0.6


3.1.3.104-------------------------------------------------------------------------------------
Searching Clostridium thermocellum genome for probable 3.1.3.104 genes

Using Organism: Clostridioides difficile (pdc)

Using Organism: Clostridioides difficile (cdc)

Using Organism: Clostridioides difficile (cdl)

Using Organism: Clostridioides difficile (pdf)

Using Organism: Peptoclostridium acidaminophilum (eac)

Using Organism: Acetoanaerobium sticklandii (cst)

Using Organism: Filifactor alocis (faa)

Using Organism: Paeniclostridium sordellii (psor)

Using Organism: Romboutsia sp. (roc)

Using Organism: Peptacetobacter hiranonis (phx)


1.5.1.36-------------------------------------------------------------------------------------
Searching Clostridium thermocellum genome for probable 1.5.1.36 genes

Using Organism: Clostridioides difficile (pdc)

Using Organism: Clostridioides difficile (cdc)

Using Organism: Clostridioides difficile (cdl)

Using Organism: Clostridioides difficile (pdf)

Using Organism: Peptoclostridium acidaminophilum (eac)

Using Organism: Acetoanaerobium sticklandii (cst)

Using Organism: Filifactor alocis (faa)

Using Organism: Paeniclostridium sordellii (psor)

Using Organism: Romboutsia sp. (roc)

Using Organism: Peptacetobacter hiranonis (phx)


1.5.1.38-------------------------------------------------------------------------------------
Searching Clostridium thermocellum genome for probable 1.5.1.38 genes

Using Organism: Clostridioides difficile (pdc)

Using Organism: Clostridioides difficile (cdc)

Using Organism: Clostridioides difficile (cdl)

Using Organism: Clostridioides difficile (pdf)

Using Organism: Peptoclostridium acidaminophilum (eac)

Using Organism: Acetoanaerobium sticklandii (cst)

Using Organism: Filifactor alocis (faa)

Using Organism: Paeniclostridium sordellii (psor)

Using Organism: Romboutsia sp. (roc)

Using Organism: Peptacetobacter hiranonis (phx)


1.5.1.39-------------------------------------------------------------------------------------
Searching Clostridium thermocellum genome for probable 1.5.1.39 genes

Using Organism: Clostridioides difficile (pdc)

Using Organism: Clostridioides difficile (cdc)

Using Organism: Clostridioides difficile (cdl)

Using Organism: Clostridioides difficile (pdf)

Using Organism: Peptoclostridium acidaminophilum (eac)

Using Organism: Acetoanaerobium sticklandii (cst)
Found gene for related organism cst:Acetoanaerobium sticklandii
CLOST_2291-------------------------------------------------------------------------------------
Building FASTA report for gene CLOST_2291 (Accession: CBH22408)

Using Organism: Filifactor alocis (faa)

Using Organism: Paeniclostridium sordellii (psor)

Using Organism: Romboutsia sp. (roc)

Using Organism: Peptacetobacter hiranonis (phx)


1.5.1.42-------------------------------------------------------------------------------------
Searching Clostridium thermocellum genome for probable 1.5.1.42 genes

Using Organism: Clostridioides difficile (pdc)

Using Organism: Clostridioides difficile (cdc)

Using Organism: Clostridioides difficile (cdl)

Using Organism: Clostridioides difficile (pdf)

Using Organism: Peptoclostridium acidaminophilum (eac)

Using Organism: Acetoanaerobium sticklandii (cst)

Using Organism: Filifactor alocis (faa)

Using Organism: Paeniclostridium sordellii (psor)

Using Organism: Romboutsia sp. (roc)

Using Organism: Peptacetobacter hiranonis (phx)


1.13.11.79-------------------------------------------------------------------------------------
Searching Clostridium thermocellum genome for probable 1.13.11.79 genes

Using Organism: Clostridioides difficile (pdc)

Using Organism: Clostridioides difficile (cdc)

Using Organism: Clostridioides difficile (cdl)

Using Organism: Clostridioides difficile (pdf)

Using Organism: Peptoclostridium acidaminophilum (eac)

Using Organism: Acetoanaerobium sticklandii (cst)

Using Organism: Filifactor alocis (faa)

Using Organism: Paeniclostridium sordellii (psor)

Using Organism: Romboutsia sp. (roc)

Using Organism: Peptacetobacter hiranonis (phx)


4.99.1.3-------------------------------------------------------------------------------------
Searching Clostridium thermocellum genome for probable 4.99.1.3 genes

Using Organism: Clostridioides difficile (pdc)
Found gene for related organism pdc:Clostridioides difficile
CDIF630_03730-------------------------------------------------------------------------------------
Building FASTA report for gene CDIF630_03730 (Accession: AJP13196)

Using Organism: Clostridioides difficile (cdc)
Found gene for related organism cdc:Clostridioides difficile
CD196_3198-------------------------------------------------------------------------------------
Building FASTA report for gene CD196_3198 (Accession: CBA66476)

Using Organism: Clostridioides difficile (cdl)
Found gene for related organism cdl:Clostridioides difficile
CDR20291_3244-------------------------------------------------------------------------------------
Building FASTA report for gene CDR20291_3244 (Accession: CBE07180)

Using Organism: Clostridioides difficile (pdf)
Found gene for related organism pdf:Clostridioides difficile
CD630DERM_34220-------------------------------------------------------------------------------------
Building FASTA report for gene CD630DERM_34220 (Accession: CEK00131)

Using Organism: Peptoclostridium acidaminophilum (eac)

Using Organism: Acetoanaerobium sticklandii (cst)
Found gene for related organism cst:Acetoanaerobium sticklandii
CLOST_0268-------------------------------------------------------------------------------------
Building FASTA report for gene CLOST_0268 (Accession: CBH20398)

Using Organism: Filifactor alocis (faa)

Using Organism: Paeniclostridium sordellii (psor)
Found gene for related organism psor:Paeniclostridium sordellii
RSJ16_16240-------------------------------------------------------------------------------------
Building FASTA report for gene RSJ16_16240 (Accession: AUN15694)

Using Organism: Romboutsia sp. (roc)
Found gene for related organism roc:Romboutsia sp.
HF520_11960-------------------------------------------------------------------------------------
Building FASTA report for gene HF520_11960 (Accession: QJA09622)

Using Organism: Peptacetobacter hiranonis (phx)
Found gene for related organism phx:Peptacetobacter hiranonis
KGNDJEFE_00488-------------------------------------------------------------------------------------
Building FASTA report for gene KGNDJEFE_00488 (Accession: QEK20007)


2.1.1.151-------------------------------------------------------------------------------------
Searching Clostridium thermocellum genome for probable 2.1.1.151 genes

Using Organism: Clostridioides difficile (pdc)

Using Organism: Clostridioides difficile (cdc)

Using Organism: Clostridioides difficile (cdl)

Using Organism: Clostridioides difficile (pdf)

Using Organism: Peptoclostridium acidaminophilum (eac)
Found gene for related organism eac:Peptoclostridium acidaminophilum
EAL2_808p01030-------------------------------------------------------------------------------------
Building FASTA report for gene EAL2_808p01030 (Accession: AHM57609)

Using Organism: Acetoanaerobium sticklandii (cst)
Found gene for related organism cst:Acetoanaerobium sticklandii
CLOST_0991-------------------------------------------------------------------------------------
Building FASTA report for gene CLOST_0991 (Accession: CBH21114)

Using Organism: Filifactor alocis (faa)

Using Organism: Paeniclostridium sordellii (psor)
Found gene for related organism psor:Paeniclostridium sordellii
RSJ16_16235-------------------------------------------------------------------------------------
Building FASTA report for gene RSJ16_16235 (Accession: AUN15693)

Using Organism: Romboutsia sp. (roc)
Found gene for related organism roc:Romboutsia sp.
HF520_11955-------------------------------------------------------------------------------------
Building FASTA report for gene HF520_11955 (Accession: QJA09621)

Using Organism: Peptacetobacter hiranonis (phx)
Found gene for related organism phx:Peptacetobacter hiranonis
KGNDJEFE_00489-------------------------------------------------------------------------------------
Building FASTA report for gene KGNDJEFE_00489 (Accession: QEK20008)


2.1.1.272-------------------------------------------------------------------------------------
Searching Clostridium thermocellum genome for probable 2.1.1.272 genes

Using Organism: Clostridioides difficile (pdc)
Found gene for related organism pdc:Clostridioides difficile
CDIF630_03732-------------------------------------------------------------------------------------
Building FASTA report for gene CDIF630_03732 (Accession: AJP13198)

Using Organism: Clostridioides difficile (cdc)
Found gene for related organism cdc:Clostridioides difficile
CD196_3200-------------------------------------------------------------------------------------
Building FASTA report for gene CD196_3200 (Accession: CBA66480)

Using Organism: Clostridioides difficile (cdl)
Found gene for related organism cdl:Clostridioides difficile
CDR20291_3246-------------------------------------------------------------------------------------
Building FASTA report for gene CDR20291_3246 (Accession: CBE07184)

Using Organism: Clostridioides difficile (pdf)
Found gene for related organism pdf:Clostridioides difficile
CD630DERM_34240-------------------------------------------------------------------------------------
Building FASTA report for gene CD630DERM_34240 (Accession: CEK00133)

Using Organism: Peptoclostridium acidaminophilum (eac)
Found gene for related organism eac:Peptoclostridium acidaminophilum
EAL2_808p01060-------------------------------------------------------------------------------------
Building FASTA report for gene EAL2_808p01060 (Accession: AHM57612)

Using Organism: Acetoanaerobium sticklandii (cst)
Found gene for related organism cst:Acetoanaerobium sticklandii
CLOST_0994-------------------------------------------------------------------------------------
Building FASTA report for gene CLOST_0994 (Accession: CBH21117)

Using Organism: Filifactor alocis (faa)

Using Organism: Paeniclostridium sordellii (psor)
Found gene for related organism psor:Paeniclostridium sordellii
RSJ16_16250-------------------------------------------------------------------------------------
Building FASTA report for gene RSJ16_16250 (Accession: AUN15696)

Using Organism: Romboutsia sp. (roc)
Found gene for related organism roc:Romboutsia sp.
HF520_11970-------------------------------------------------------------------------------------

Using Organism: Peptacetobacter hiranonis (phx)
Found gene for related organism phx:Peptacetobacter hiranonis
KGNDJEFE_00486-------------------------------------------------------------------------------------


2.1.1.271-------------------------------------------------------------------------------------
Searching Clostridium thermocellum genome for probable 2.1.1.271 genes

Using Organism: Clostridioides difficile (pdc)

Using Organism: Clostridioides difficile (cdc)

Using Organism: Clostridioides difficile (cdl)

Using Organism: Clostridioides difficile (pdf)

Using Organism: Peptoclostridium acidaminophilum (eac)

Using Organism: Acetoanaerobium sticklandii (cst)

Using Organism: Filifactor alocis (faa)

Using Organism: Paeniclostridium sordellii (psor)

Using Organism: Romboutsia sp. (roc)

Using Organism: Peptacetobacter hiranonis (phx)


3.7.1.12-------------------------------------------------------------------------------------
Searching Clostridium thermocellum genome for probable 3.7.1.12 genes

Using Organism: Clostridioides difficile (pdc)

Using Organism: Clostridioides difficile (cdc)

Using Organism: Clostridioides difficile (cdl)

Using Organism: Clostridioides difficile (pdf)

Using Organism: Peptoclostridium acidaminophilum (eac)

Using Organism: Acetoanaerobium sticklandii (cst)

Using Organism: Filifactor alocis (faa)

Using Organism: Paeniclostridium sordellii (psor)

Using Organism: Romboutsia sp. (roc)

Using Organism: Peptacetobacter hiranonis (phx)


2.1.1.195-------------------------------------------------------------------------------------
Searching Clostridium thermocellum genome for probable 2.1.1.195 genes

Using Organism: Clostridioides difficile (pdc)

Using Organism: Clostridioides difficile (cdc)

Using Organism: Clostridioides difficile (cdl)

Using Organism: Clostridioides difficile (pdf)

Using Organism: Peptoclostridium acidaminophilum (eac)

Using Organism: Acetoanaerobium sticklandii (cst)

Using Organism: Filifactor alocis (faa)

Using Organism: Paeniclostridium sordellii (psor)

Using Organism: Romboutsia sp. (roc)

Using Organism: Peptacetobacter hiranonis (phx)


1.3.1.106-------------------------------------------------------------------------------------
Searching Clostridium thermocellum genome for probable 1.3.1.106 genes

Using Organism: Clostridioides difficile (pdc)

Using Organism: Clostridioides difficile (cdc)

Using Organism: Clostridioides difficile (cdl)

Using Organism: Clostridioides difficile (pdf)

Using Organism: Peptoclostridium acidaminophilum (eac)

Using Organism: Acetoanaerobium sticklandii (cst)

Using Organism: Filifactor alocis (faa)

Using Organism: Paeniclostridium sordellii (psor)

Using Organism: Romboutsia sp. (roc)

Using Organism: Peptacetobacter hiranonis (phx)


2.1.1.196-------------------------------------------------------------------------------------
Searching Clostridium thermocellum genome for probable 2.1.1.196 genes

Using Organism: Clostridioides difficile (pdc)

Using Organism: Clostridioides difficile (cdc)

Using Organism: Clostridioides difficile (cdl)

Using Organism: Clostridioides difficile (pdf)

Using Organism: Peptoclostridium acidaminophilum (eac)

Using Organism: Acetoanaerobium sticklandii (cst)

Using Organism: Filifactor alocis (faa)

Using Organism: Paeniclostridium sordellii (psor)

Using Organism: Romboutsia sp. (roc)

Using Organism: Peptacetobacter hiranonis (phx)


2.1.1.289-------------------------------------------------------------------------------------
Searching Clostridium thermocellum genome for probable 2.1.1.289 genes

Using Organism: Clostridioides difficile (pdc)

Using Organism: Clostridioides difficile (cdc)

Using Organism: Clostridioides difficile (cdl)

Using Organism: Clostridioides difficile (pdf)

Using Organism: Peptoclostridium acidaminophilum (eac)

Using Organism: Acetoanaerobium sticklandii (cst)

Using Organism: Filifactor alocis (faa)

Using Organism: Paeniclostridium sordellii (psor)

Using Organism: Romboutsia sp. (roc)

Using Organism: Peptacetobacter hiranonis (phx)


5.4.99.60-------------------------------------------------------------------------------------
Searching Clostridium thermocellum genome for probable 5.4.99.60 genes

Using Organism: Clostridioides difficile (pdc)

Using Organism: Clostridioides difficile (cdc)

Using Organism: Clostridioides difficile (cdl)

Using Organism: Clostridioides difficile (pdf)

Using Organism: Peptoclostridium acidaminophilum (eac)

Using Organism: Acetoanaerobium sticklandii (cst)

Using Organism: Filifactor alocis (faa)

Using Organism: Paeniclostridium sordellii (psor)

Using Organism: Romboutsia sp. (roc)

Using Organism: Peptacetobacter hiranonis (phx)


6.3.5.11-------------------------------------------------------------------------------------
Searching Clostridium thermocellum genome for probable 6.3.5.11 genes

Using Organism: Clostridioides difficile (pdc)

Using Organism: Clostridioides difficile (cdc)

Using Organism: Clostridioides difficile (cdl)

Using Organism: Clostridioides difficile (pdf)

Using Organism: Peptoclostridium acidaminophilum (eac)

Using Organism: Acetoanaerobium sticklandii (cst)

Using Organism: Filifactor alocis (faa)

Using Organism: Paeniclostridium sordellii (psor)

Using Organism: Romboutsia sp. (roc)

Using Organism: Peptacetobacter hiranonis (phx)


6.3.5.10-------------------------------------------------------------------------------------
Searching Clostridium thermocellum genome for probable 6.3.5.10 genes

Using Organism: Clostridioides difficile (pdc)

Using Organism: Clostridioides difficile (cdc)

Using Organism: Clostridioides difficile (cdl)

Using Organism: Clostridioides difficile (pdf)

Using Organism: Peptoclostridium acidaminophilum (eac)

Using Organism: Acetoanaerobium sticklandii (cst)

Using Organism: Filifactor alocis (faa)

Using Organism: Paeniclostridium sordellii (psor)

Using Organism: Romboutsia sp. (roc)

Using Organism: Peptacetobacter hiranonis (phx)


6.3.4.18-------------------------------------------------------------------------------------
Searching Clostridium thermocellum genome for probable 6.3.4.18 genes

Using Organism: Clostridioides difficile (pdc)

Using Organism: Clostridioides difficile (cdc)

Using Organism: Clostridioides difficile (cdl)

Using Organism: Clostridioides difficile (pdf)

Using Organism: Peptoclostridium acidaminophilum (eac)

Using Organism: Acetoanaerobium sticklandii (cst)

Using Organism: Filifactor alocis (faa)

Using Organism: Paeniclostridium sordellii (psor)

Using Organism: Romboutsia sp. (roc)

Using Organism: Peptacetobacter hiranonis (phx)


4.1.1.21-------------------------------------------------------------------------------------
Searching Clostridium thermocellum genome for probable 4.1.1.21 genes

Using Organism: Clostridioides difficile (pdc)

Using Organism: Clostridioides difficile (cdc)

Using Organism: Clostridioides difficile (cdl)

Using Organism: Clostridioides difficile (pdf)

Using Organism: Peptoclostridium acidaminophilum (eac)

Using Organism: Acetoanaerobium sticklandii (cst)

Using Organism: Filifactor alocis (faa)

Using Organism: Paeniclostridium sordellii (psor)

Using Organism: Romboutsia sp. (roc)

Using Organism: Peptacetobacter hiranonis (phx)


3.5.4.4-------------------------------------------------------------------------------------
Searching Clostridium thermocellum genome for probable 3.5.4.4 genes

Using Organism: Clostridioides difficile (pdc)

Using Organism: Clostridioides difficile (cdc)

Using Organism: Clostridioides difficile (cdl)

Using Organism: Clostridioides difficile (pdf)

Using Organism: Peptoclostridium acidaminophilum (eac)

Using Organism: Acetoanaerobium sticklandii (cst)

Using Organism: Filifactor alocis (faa)

Using Organism: Paeniclostridium sordellii (psor)

Using Organism: Romboutsia sp. (roc)

Using Organism: Peptacetobacter hiranonis (phx)


6.3.4.25-------------------------------------------------------------------------------------
Searching Clostridium thermocellum genome for probable 6.3.4.25 genes

Using Organism: Clostridioides difficile (pdc)

Using Organism: Clostridioides difficile (cdc)

Using Organism: Clostridioides difficile (cdl)

Using Organism: Clostridioides difficile (pdf)

Using Organism: Peptoclostridium acidaminophilum (eac)

Using Organism: Acetoanaerobium sticklandii (cst)

Using Organism: Filifactor alocis (faa)

Using Organism: Paeniclostridium sordellii (psor)

Using Organism: Romboutsia sp. (roc)

Using Organism: Peptacetobacter hiranonis (phx)


2.4.2.10-------------------------------------------------------------------------------------
Searching Clostridium thermocellum genome for probable 2.4.2.10 genes

Using Organism: Clostridioides difficile (pdc)

Using Organism: Clostridioides difficile (cdc)

Using Organism: Clostridioides difficile (cdl)

Using Organism: Clostridioides difficile (pdf)

Using Organism: Peptoclostridium acidaminophilum (eac)

Using Organism: Acetoanaerobium sticklandii (cst)

Using Organism: Filifactor alocis (faa)

Using Organism: Paeniclostridium sordellii (psor)

Using Organism: Romboutsia sp. (roc)

Using Organism: Peptacetobacter hiranonis (phx)
end time: 20 Mar 2022 0:19:21
