Start time: 18 Mar 2022 16:36:17
Expect Cut-Off:  1e-30
Percent Positive Substitution Cut-Off: 0.6


3.1.3.104-------------------------------------------------------------------------------------
Searching Clostridium thermocellum genome for probable 3.1.3.104 genes

Using Organism: Desulfitobacterium metallireducens (dmt)

Using Organism: Desulfotomaculum nigrificans (dca)

Using Organism: Desulforamulus reducens (drm)

Using Organism: Desulforamulus ruminis (dru)

Using Organism: Desulforamulus ferrireducens (dfg)

Using Organism: Desulfofarcimen acetoxidans (dae)

Using Organism: Desulfofundulus kuznetsovii (dku)

Using Organism: Pelotomaculum thermopropionicum (pth)

Using Organism: Candidatus Desulforudis (dau)

Using Organism: Thermincola potens (tjr)


1.5.1.36-------------------------------------------------------------------------------------
Searching Clostridium thermocellum genome for probable 1.5.1.36 genes

Using Organism: Desulfitobacterium metallireducens (dmt)

Using Organism: Desulfotomaculum nigrificans (dca)

Using Organism: Desulforamulus reducens (drm)

Using Organism: Desulforamulus ruminis (dru)

Using Organism: Desulforamulus ferrireducens (dfg)

Using Organism: Desulfofarcimen acetoxidans (dae)

Using Organism: Desulfofundulus kuznetsovii (dku)

Using Organism: Pelotomaculum thermopropionicum (pth)

Using Organism: Candidatus Desulforudis (dau)

Using Organism: Thermincola potens (tjr)


1.5.1.38-------------------------------------------------------------------------------------
Searching Clostridium thermocellum genome for probable 1.5.1.38 genes

Using Organism: Desulfitobacterium metallireducens (dmt)
Found gene for related organism dmt:Desulfitobacterium metallireducens
DESME_03480-------------------------------------------------------------------------------------
Building FASTA report for gene DESME_03480 (Accession: AHF06219)

Using Organism: Desulfotomaculum nigrificans (dca)

Using Organism: Desulforamulus reducens (drm)

Using Organism: Desulforamulus ruminis (dru)

Using Organism: Desulforamulus ferrireducens (dfg)

Using Organism: Desulfofarcimen acetoxidans (dae)

Using Organism: Desulfofundulus kuznetsovii (dku)

Using Organism: Pelotomaculum thermopropionicum (pth)

Using Organism: Candidatus Desulforudis (dau)

Using Organism: Thermincola potens (tjr)


1.5.1.39-------------------------------------------------------------------------------------
Searching Clostridium thermocellum genome for probable 1.5.1.39 genes

Using Organism: Desulfitobacterium metallireducens (dmt)

Using Organism: Desulfotomaculum nigrificans (dca)

Using Organism: Desulforamulus reducens (drm)

Using Organism: Desulforamulus ruminis (dru)

Using Organism: Desulforamulus ferrireducens (dfg)

Using Organism: Desulfofarcimen acetoxidans (dae)

Using Organism: Desulfofundulus kuznetsovii (dku)

Using Organism: Pelotomaculum thermopropionicum (pth)

Using Organism: Candidatus Desulforudis (dau)

Using Organism: Thermincola potens (tjr)


1.5.1.42-------------------------------------------------------------------------------------
Searching Clostridium thermocellum genome for probable 1.5.1.42 genes

Using Organism: Desulfitobacterium metallireducens (dmt)

Using Organism: Desulfotomaculum nigrificans (dca)

Using Organism: Desulforamulus reducens (drm)

Using Organism: Desulforamulus ruminis (dru)

Using Organism: Desulforamulus ferrireducens (dfg)

Using Organism: Desulfofarcimen acetoxidans (dae)

Using Organism: Desulfofundulus kuznetsovii (dku)

Using Organism: Pelotomaculum thermopropionicum (pth)

Using Organism: Candidatus Desulforudis (dau)

Using Organism: Thermincola potens (tjr)


1.13.11.79-------------------------------------------------------------------------------------
Searching Clostridium thermocellum genome for probable 1.13.11.79 genes

Using Organism: Desulfitobacterium metallireducens (dmt)

Using Organism: Desulfotomaculum nigrificans (dca)

Using Organism: Desulforamulus reducens (drm)

Using Organism: Desulforamulus ruminis (dru)

Using Organism: Desulforamulus ferrireducens (dfg)

Using Organism: Desulfofarcimen acetoxidans (dae)

Using Organism: Desulfofundulus kuznetsovii (dku)

Using Organism: Pelotomaculum thermopropionicum (pth)

Using Organism: Candidatus Desulforudis (dau)

Using Organism: Thermincola potens (tjr)


4.99.1.3-------------------------------------------------------------------------------------
Searching Clostridium thermocellum genome for probable 4.99.1.3 genes

Using Organism: Desulfitobacterium metallireducens (dmt)

Using Organism: Desulfotomaculum nigrificans (dca)
Found gene for related organism dca:Desulfotomaculum nigrificans
Desca_0570-------------------------------------------------------------------------------------
Building FASTA report for gene Desca_0570 (Accession: AEF93460)

Using Organism: Desulforamulus reducens (drm)
Found gene for related organism drm:Desulforamulus reducens
Dred_2707-------------------------------------------------------------------------------------
Building FASTA report for gene Dred_2707 (Accession: ABO51211)
Dred_2730-------------------------------------------------------------------------------------
Building FASTA report for gene Dred_2730 (Accession: ABO51234)

Using Organism: Desulforamulus ruminis (dru)
Found gene for related organism dru:Desulforamulus ruminis
Desru_0889-------------------------------------------------------------------------------------
Building FASTA report for gene Desru_0889 (Accession: AEG59165)

Using Organism: Desulforamulus ferrireducens (dfg)
Found gene for related organism dfg:Desulforamulus ferrireducens
B0537_13920-------------------------------------------------------------------------------------
Building FASTA report for gene B0537_13920 (Accession: AQS60072)
B0537_13980-------------------------------------------------------------------------------------
Building FASTA report for gene B0537_13980 (Accession: AQS60084)

Using Organism: Desulfofarcimen acetoxidans (dae)
Found gene for related organism dae:Desulfofarcimen acetoxidans
Dtox_0558-------------------------------------------------------------------------------------
Building FASTA report for gene Dtox_0558 (Accession: ACV61478)

Using Organism: Desulfofundulus kuznetsovii (dku)
Found gene for related organism dku:Desulfofundulus kuznetsovii
Desku_1460-------------------------------------------------------------------------------------
Building FASTA report for gene Desku_1460 (Accession: AEG15043)

Using Organism: Pelotomaculum thermopropionicum (pth)

Using Organism: Candidatus Desulforudis (dau)

Using Organism: Thermincola potens (tjr)


2.1.1.151-------------------------------------------------------------------------------------
Searching Clostridium thermocellum genome for probable 2.1.1.151 genes

Using Organism: Desulfitobacterium metallireducens (dmt)
Found gene for related organism dmt:Desulfitobacterium metallireducens
DESME_03890-------------------------------------------------------------------------------------
Building FASTA report for gene DESME_03890 (Accession: AHF06294)

Using Organism: Desulfotomaculum nigrificans (dca)
Found gene for related organism dca:Desulfotomaculum nigrificans
Desca_0569-------------------------------------------------------------------------------------
Building FASTA report for gene Desca_0569 (Accession: AEF93459)

Using Organism: Desulforamulus reducens (drm)
Found gene for related organism drm:Desulforamulus reducens
Dred_2735-------------------------------------------------------------------------------------
Building FASTA report for gene Dred_2735 (Accession: ABO51239)

Using Organism: Desulforamulus ruminis (dru)
Found gene for related organism dru:Desulforamulus ruminis
Desru_0888-------------------------------------------------------------------------------------
Building FASTA report for gene Desru_0888 (Accession: AEG59164)

Using Organism: Desulforamulus ferrireducens (dfg)
Found gene for related organism dfg:Desulforamulus ferrireducens
B0537_13985-------------------------------------------------------------------------------------
Building FASTA report for gene B0537_13985 (Accession: AQS60085)

Using Organism: Desulfofarcimen acetoxidans (dae)
Found gene for related organism dae:Desulfofarcimen acetoxidans
Dtox_0554-------------------------------------------------------------------------------------
Building FASTA report for gene Dtox_0554 (Accession: ACV61474)
Dtox_1293-------------------------------------------------------------------------------------
Building FASTA report for gene Dtox_1293 (Accession: ACV62175)

Using Organism: Desulfofundulus kuznetsovii (dku)
Found gene for related organism dku:Desulfofundulus kuznetsovii
Desku_1465-------------------------------------------------------------------------------------
Building FASTA report for gene Desku_1465 (Accession: AEG15048)

Using Organism: Pelotomaculum thermopropionicum (pth)
Found gene for related organism pth:Pelotomaculum thermopropionicum
PTH_0953-------------------------------------------------------------------------------------
Building FASTA report for gene PTH_0953 (Accession: BAF59134)

Using Organism: Candidatus Desulforudis (dau)
Found gene for related organism dau:Candidatus Desulforudis
Daud_1854-------------------------------------------------------------------------------------
Building FASTA report for gene Daud_1854 (Accession: ACA60347)

Using Organism: Thermincola potens (tjr)
Found gene for related organism tjr:Thermincola potens
TherJR_1568-------------------------------------------------------------------------------------
Building FASTA report for gene TherJR_1568 (Accession: ADG82420)


2.1.1.272-------------------------------------------------------------------------------------
Searching Clostridium thermocellum genome for probable 2.1.1.272 genes

Using Organism: Desulfitobacterium metallireducens (dmt)

Using Organism: Desulfotomaculum nigrificans (dca)

Using Organism: Desulforamulus reducens (drm)

Using Organism: Desulforamulus ruminis (dru)

Using Organism: Desulforamulus ferrireducens (dfg)

Using Organism: Desulfofarcimen acetoxidans (dae)

Using Organism: Desulfofundulus kuznetsovii (dku)

Using Organism: Pelotomaculum thermopropionicum (pth)

Using Organism: Candidatus Desulforudis (dau)

Using Organism: Thermincola potens (tjr)


2.1.1.271-------------------------------------------------------------------------------------
Searching Clostridium thermocellum genome for probable 2.1.1.271 genes

Using Organism: Desulfitobacterium metallireducens (dmt)

Using Organism: Desulfotomaculum nigrificans (dca)

Using Organism: Desulforamulus reducens (drm)

Using Organism: Desulforamulus ruminis (dru)

Using Organism: Desulforamulus ferrireducens (dfg)

Using Organism: Desulfofarcimen acetoxidans (dae)

Using Organism: Desulfofundulus kuznetsovii (dku)

Using Organism: Pelotomaculum thermopropionicum (pth)

Using Organism: Candidatus Desulforudis (dau)

Using Organism: Thermincola potens (tjr)


3.7.1.12-------------------------------------------------------------------------------------
Searching Clostridium thermocellum genome for probable 3.7.1.12 genes

Using Organism: Desulfitobacterium metallireducens (dmt)

Using Organism: Desulfotomaculum nigrificans (dca)

Using Organism: Desulforamulus reducens (drm)

Using Organism: Desulforamulus ruminis (dru)

Using Organism: Desulforamulus ferrireducens (dfg)

Using Organism: Desulfofarcimen acetoxidans (dae)

Using Organism: Desulfofundulus kuznetsovii (dku)

Using Organism: Pelotomaculum thermopropionicum (pth)

Using Organism: Candidatus Desulforudis (dau)

Using Organism: Thermincola potens (tjr)


2.1.1.195-------------------------------------------------------------------------------------
Searching Clostridium thermocellum genome for probable 2.1.1.195 genes

Using Organism: Desulfitobacterium metallireducens (dmt)

Using Organism: Desulfotomaculum nigrificans (dca)

Using Organism: Desulforamulus reducens (drm)

Using Organism: Desulforamulus ruminis (dru)

Using Organism: Desulforamulus ferrireducens (dfg)

Using Organism: Desulfofarcimen acetoxidans (dae)

Using Organism: Desulfofundulus kuznetsovii (dku)

Using Organism: Pelotomaculum thermopropionicum (pth)

Using Organism: Candidatus Desulforudis (dau)

Using Organism: Thermincola potens (tjr)


1.3.1.106-------------------------------------------------------------------------------------
Searching Clostridium thermocellum genome for probable 1.3.1.106 genes

Using Organism: Desulfitobacterium metallireducens (dmt)

Using Organism: Desulfotomaculum nigrificans (dca)

Using Organism: Desulforamulus reducens (drm)

Using Organism: Desulforamulus ruminis (dru)

Using Organism: Desulforamulus ferrireducens (dfg)

Using Organism: Desulfofarcimen acetoxidans (dae)

Using Organism: Desulfofundulus kuznetsovii (dku)

Using Organism: Pelotomaculum thermopropionicum (pth)

Using Organism: Candidatus Desulforudis (dau)

Using Organism: Thermincola potens (tjr)


2.1.1.196-------------------------------------------------------------------------------------
Searching Clostridium thermocellum genome for probable 2.1.1.196 genes

Using Organism: Desulfitobacterium metallireducens (dmt)

Using Organism: Desulfotomaculum nigrificans (dca)

Using Organism: Desulforamulus reducens (drm)

Using Organism: Desulforamulus ruminis (dru)

Using Organism: Desulforamulus ferrireducens (dfg)

Using Organism: Desulfofarcimen acetoxidans (dae)

Using Organism: Desulfofundulus kuznetsovii (dku)

Using Organism: Pelotomaculum thermopropionicum (pth)

Using Organism: Candidatus Desulforudis (dau)

Using Organism: Thermincola potens (tjr)


2.1.1.289-------------------------------------------------------------------------------------
Searching Clostridium thermocellum genome for probable 2.1.1.289 genes

Using Organism: Desulfitobacterium metallireducens (dmt)

Using Organism: Desulfotomaculum nigrificans (dca)

Using Organism: Desulforamulus reducens (drm)

Using Organism: Desulforamulus ruminis (dru)

Using Organism: Desulforamulus ferrireducens (dfg)

Using Organism: Desulfofarcimen acetoxidans (dae)

Using Organism: Desulfofundulus kuznetsovii (dku)

Using Organism: Pelotomaculum thermopropionicum (pth)

Using Organism: Candidatus Desulforudis (dau)

Using Organism: Thermincola potens (tjr)


5.4.99.60-------------------------------------------------------------------------------------
Searching Clostridium thermocellum genome for probable 5.4.99.60 genes

Using Organism: Desulfitobacterium metallireducens (dmt)

Using Organism: Desulfotomaculum nigrificans (dca)

Using Organism: Desulforamulus reducens (drm)

Using Organism: Desulforamulus ruminis (dru)

Using Organism: Desulforamulus ferrireducens (dfg)

Using Organism: Desulfofarcimen acetoxidans (dae)

Using Organism: Desulfofundulus kuznetsovii (dku)

Using Organism: Pelotomaculum thermopropionicum (pth)

Using Organism: Candidatus Desulforudis (dau)

Using Organism: Thermincola potens (tjr)


6.3.5.11-------------------------------------------------------------------------------------
Searching Clostridium thermocellum genome for probable 6.3.5.11 genes

Using Organism: Desulfitobacterium metallireducens (dmt)

Using Organism: Desulfotomaculum nigrificans (dca)

Using Organism: Desulforamulus reducens (drm)

Using Organism: Desulforamulus ruminis (dru)

Using Organism: Desulforamulus ferrireducens (dfg)

Using Organism: Desulfofarcimen acetoxidans (dae)

Using Organism: Desulfofundulus kuznetsovii (dku)

Using Organism: Pelotomaculum thermopropionicum (pth)

Using Organism: Candidatus Desulforudis (dau)

Using Organism: Thermincola potens (tjr)


6.3.5.10-------------------------------------------------------------------------------------
Searching Clostridium thermocellum genome for probable 6.3.5.10 genes

Using Organism: Desulfitobacterium metallireducens (dmt)

Using Organism: Desulfotomaculum nigrificans (dca)

Using Organism: Desulforamulus reducens (drm)

Using Organism: Desulforamulus ruminis (dru)

Using Organism: Desulforamulus ferrireducens (dfg)

Using Organism: Desulfofarcimen acetoxidans (dae)

Using Organism: Desulfofundulus kuznetsovii (dku)

Using Organism: Pelotomaculum thermopropionicum (pth)

Using Organism: Candidatus Desulforudis (dau)

Using Organism: Thermincola potens (tjr)


6.3.4.18-------------------------------------------------------------------------------------
Searching Clostridium thermocellum genome for probable 6.3.4.18 genes

Using Organism: Desulfitobacterium metallireducens (dmt)

Using Organism: Desulfotomaculum nigrificans (dca)

Using Organism: Desulforamulus reducens (drm)

Using Organism: Desulforamulus ruminis (dru)

Using Organism: Desulforamulus ferrireducens (dfg)

Using Organism: Desulfofarcimen acetoxidans (dae)

Using Organism: Desulfofundulus kuznetsovii (dku)

Using Organism: Pelotomaculum thermopropionicum (pth)

Using Organism: Candidatus Desulforudis (dau)

Using Organism: Thermincola potens (tjr)


4.1.1.21-------------------------------------------------------------------------------------
Searching Clostridium thermocellum genome for probable 4.1.1.21 genes

Using Organism: Desulfitobacterium metallireducens (dmt)

Using Organism: Desulfotomaculum nigrificans (dca)

Using Organism: Desulforamulus reducens (drm)

Using Organism: Desulforamulus ruminis (dru)

Using Organism: Desulforamulus ferrireducens (dfg)

Using Organism: Desulfofarcimen acetoxidans (dae)

Using Organism: Desulfofundulus kuznetsovii (dku)

Using Organism: Pelotomaculum thermopropionicum (pth)

Using Organism: Candidatus Desulforudis (dau)

Using Organism: Thermincola potens (tjr)


3.5.4.4-------------------------------------------------------------------------------------
Searching Clostridium thermocellum genome for probable 3.5.4.4 genes

Using Organism: Desulfitobacterium metallireducens (dmt)

Using Organism: Desulfotomaculum nigrificans (dca)

Using Organism: Desulforamulus reducens (drm)

Using Organism: Desulforamulus ruminis (dru)

Using Organism: Desulforamulus ferrireducens (dfg)

Using Organism: Desulfofarcimen acetoxidans (dae)

Using Organism: Desulfofundulus kuznetsovii (dku)

Using Organism: Pelotomaculum thermopropionicum (pth)

Using Organism: Candidatus Desulforudis (dau)

Using Organism: Thermincola potens (tjr)


6.3.4.25-------------------------------------------------------------------------------------
Searching Clostridium thermocellum genome for probable 6.3.4.25 genes

Using Organism: Desulfitobacterium metallireducens (dmt)

Using Organism: Desulfotomaculum nigrificans (dca)

Using Organism: Desulforamulus reducens (drm)

Using Organism: Desulforamulus ruminis (dru)

Using Organism: Desulforamulus ferrireducens (dfg)

Using Organism: Desulfofarcimen acetoxidans (dae)

Using Organism: Desulfofundulus kuznetsovii (dku)

Using Organism: Pelotomaculum thermopropionicum (pth)

Using Organism: Candidatus Desulforudis (dau)

Using Organism: Thermincola potens (tjr)


2.4.2.10-------------------------------------------------------------------------------------
Searching Clostridium thermocellum genome for probable 2.4.2.10 genes

Using Organism: Desulfitobacterium metallireducens (dmt)

Using Organism: Desulfotomaculum nigrificans (dca)

Using Organism: Desulforamulus reducens (drm)

Using Organism: Desulforamulus ruminis (dru)

Using Organism: Desulforamulus ferrireducens (dfg)

Using Organism: Desulfofarcimen acetoxidans (dae)

Using Organism: Desulfofundulus kuznetsovii (dku)

Using Organism: Pelotomaculum thermopropionicum (pth)

Using Organism: Candidatus Desulforudis (dau)

Using Organism: Thermincola potens (tjr)
end time: 20 Mar 2022 0:44:48
