Start time: 18 Mar 2022 16:36:3
Expect Cut-Off:  1e-30
Percent Positive Substitution Cut-Off: 0.6


3.1.3.104-------------------------------------------------------------------------------------
Searching Clostridium thermocellum genome for probable 3.1.3.104 genes

Using Organism: Caldicellulosiruptor saccharolyticus (csc)

Using Organism: Caldicellulosiruptor bescii (ate)

Using Organism: Caldicellulosiruptor obsidiansis (cob)

Using Organism: Caldicellulosiruptor hydrothermalis (chd)

Using Organism: Caldicellulosiruptor owensensis (cow)

Using Organism: Caldicellulosiruptor kristjanssonii (cki)

Using Organism: Caldicellulosiruptor lactoaceticus (clc)

Using Organism: Caldicellulosiruptor kronotskyensis (ckn)

Using Organism: Caldicellulosiruptor changbaiensis (ccha)

Using Organism: Thermoanaerobacterium thermosaccharolyticum (ttm)


1.5.1.36-------------------------------------------------------------------------------------
Searching Clostridium thermocellum genome for probable 1.5.1.36 genes

Using Organism: Caldicellulosiruptor saccharolyticus (csc)

Using Organism: Caldicellulosiruptor bescii (ate)

Using Organism: Caldicellulosiruptor obsidiansis (cob)

Using Organism: Caldicellulosiruptor hydrothermalis (chd)

Using Organism: Caldicellulosiruptor owensensis (cow)

Using Organism: Caldicellulosiruptor kristjanssonii (cki)

Using Organism: Caldicellulosiruptor lactoaceticus (clc)

Using Organism: Caldicellulosiruptor kronotskyensis (ckn)

Using Organism: Caldicellulosiruptor changbaiensis (ccha)

Using Organism: Thermoanaerobacterium thermosaccharolyticum (ttm)


1.5.1.38-------------------------------------------------------------------------------------
Searching Clostridium thermocellum genome for probable 1.5.1.38 genes

Using Organism: Caldicellulosiruptor saccharolyticus (csc)

Using Organism: Caldicellulosiruptor bescii (ate)

Using Organism: Caldicellulosiruptor obsidiansis (cob)

Using Organism: Caldicellulosiruptor hydrothermalis (chd)

Using Organism: Caldicellulosiruptor owensensis (cow)

Using Organism: Caldicellulosiruptor kristjanssonii (cki)

Using Organism: Caldicellulosiruptor lactoaceticus (clc)

Using Organism: Caldicellulosiruptor kronotskyensis (ckn)

Using Organism: Caldicellulosiruptor changbaiensis (ccha)

Using Organism: Thermoanaerobacterium thermosaccharolyticum (ttm)


1.5.1.39-------------------------------------------------------------------------------------
Searching Clostridium thermocellum genome for probable 1.5.1.39 genes

Using Organism: Caldicellulosiruptor saccharolyticus (csc)

Using Organism: Caldicellulosiruptor bescii (ate)

Using Organism: Caldicellulosiruptor obsidiansis (cob)

Using Organism: Caldicellulosiruptor hydrothermalis (chd)

Using Organism: Caldicellulosiruptor owensensis (cow)

Using Organism: Caldicellulosiruptor kristjanssonii (cki)

Using Organism: Caldicellulosiruptor lactoaceticus (clc)

Using Organism: Caldicellulosiruptor kronotskyensis (ckn)

Using Organism: Caldicellulosiruptor changbaiensis (ccha)

Using Organism: Thermoanaerobacterium thermosaccharolyticum (ttm)


1.5.1.42-------------------------------------------------------------------------------------
Searching Clostridium thermocellum genome for probable 1.5.1.42 genes

Using Organism: Caldicellulosiruptor saccharolyticus (csc)

Using Organism: Caldicellulosiruptor bescii (ate)

Using Organism: Caldicellulosiruptor obsidiansis (cob)

Using Organism: Caldicellulosiruptor hydrothermalis (chd)

Using Organism: Caldicellulosiruptor owensensis (cow)

Using Organism: Caldicellulosiruptor kristjanssonii (cki)

Using Organism: Caldicellulosiruptor lactoaceticus (clc)

Using Organism: Caldicellulosiruptor kronotskyensis (ckn)

Using Organism: Caldicellulosiruptor changbaiensis (ccha)

Using Organism: Thermoanaerobacterium thermosaccharolyticum (ttm)


1.13.11.79-------------------------------------------------------------------------------------
Searching Clostridium thermocellum genome for probable 1.13.11.79 genes

Using Organism: Caldicellulosiruptor saccharolyticus (csc)

Using Organism: Caldicellulosiruptor bescii (ate)

Using Organism: Caldicellulosiruptor obsidiansis (cob)

Using Organism: Caldicellulosiruptor hydrothermalis (chd)

Using Organism: Caldicellulosiruptor owensensis (cow)

Using Organism: Caldicellulosiruptor kristjanssonii (cki)

Using Organism: Caldicellulosiruptor lactoaceticus (clc)

Using Organism: Caldicellulosiruptor kronotskyensis (ckn)

Using Organism: Caldicellulosiruptor changbaiensis (ccha)

Using Organism: Thermoanaerobacterium thermosaccharolyticum (ttm)


4.99.1.3-------------------------------------------------------------------------------------
Searching Clostridium thermocellum genome for probable 4.99.1.3 genes

Using Organism: Caldicellulosiruptor saccharolyticus (csc)

Using Organism: Caldicellulosiruptor bescii (ate)

Using Organism: Caldicellulosiruptor obsidiansis (cob)

Using Organism: Caldicellulosiruptor hydrothermalis (chd)

Using Organism: Caldicellulosiruptor owensensis (cow)

Using Organism: Caldicellulosiruptor kristjanssonii (cki)

Using Organism: Caldicellulosiruptor lactoaceticus (clc)

Using Organism: Caldicellulosiruptor kronotskyensis (ckn)

Using Organism: Caldicellulosiruptor changbaiensis (ccha)

Using Organism: Thermoanaerobacterium thermosaccharolyticum (ttm)


2.1.1.151-------------------------------------------------------------------------------------
Searching Clostridium thermocellum genome for probable 2.1.1.151 genes

Using Organism: Caldicellulosiruptor saccharolyticus (csc)

Using Organism: Caldicellulosiruptor bescii (ate)

Using Organism: Caldicellulosiruptor obsidiansis (cob)

Using Organism: Caldicellulosiruptor hydrothermalis (chd)

Using Organism: Caldicellulosiruptor owensensis (cow)

Using Organism: Caldicellulosiruptor kristjanssonii (cki)

Using Organism: Caldicellulosiruptor lactoaceticus (clc)

Using Organism: Caldicellulosiruptor kronotskyensis (ckn)

Using Organism: Caldicellulosiruptor changbaiensis (ccha)

Using Organism: Thermoanaerobacterium thermosaccharolyticum (ttm)
Found gene for related organism ttm:Thermoanaerobacterium thermosaccharolyticum
Tthe_1842-------------------------------------------------------------------------------------
Building FASTA report for gene Tthe_1842 (Accession: ADL69335)


2.1.1.272-------------------------------------------------------------------------------------
Searching Clostridium thermocellum genome for probable 2.1.1.272 genes

Using Organism: Caldicellulosiruptor saccharolyticus (csc)

Using Organism: Caldicellulosiruptor bescii (ate)

Using Organism: Caldicellulosiruptor obsidiansis (cob)

Using Organism: Caldicellulosiruptor hydrothermalis (chd)

Using Organism: Caldicellulosiruptor owensensis (cow)

Using Organism: Caldicellulosiruptor kristjanssonii (cki)

Using Organism: Caldicellulosiruptor lactoaceticus (clc)

Using Organism: Caldicellulosiruptor kronotskyensis (ckn)

Using Organism: Caldicellulosiruptor changbaiensis (ccha)

Using Organism: Thermoanaerobacterium thermosaccharolyticum (ttm)
Found gene for related organism ttm:Thermoanaerobacterium thermosaccharolyticum
Tthe_1839-------------------------------------------------------------------------------------
Building FASTA report for gene Tthe_1839 (Accession: ADL69332)


2.1.1.271-------------------------------------------------------------------------------------
Searching Clostridium thermocellum genome for probable 2.1.1.271 genes

Using Organism: Caldicellulosiruptor saccharolyticus (csc)

Using Organism: Caldicellulosiruptor bescii (ate)

Using Organism: Caldicellulosiruptor obsidiansis (cob)

Using Organism: Caldicellulosiruptor hydrothermalis (chd)

Using Organism: Caldicellulosiruptor owensensis (cow)

Using Organism: Caldicellulosiruptor kristjanssonii (cki)

Using Organism: Caldicellulosiruptor lactoaceticus (clc)

Using Organism: Caldicellulosiruptor kronotskyensis (ckn)

Using Organism: Caldicellulosiruptor changbaiensis (ccha)

Using Organism: Thermoanaerobacterium thermosaccharolyticum (ttm)
Found gene for related organism ttm:Thermoanaerobacterium thermosaccharolyticum
Tthe_1841-------------------------------------------------------------------------------------
Building FASTA report for gene Tthe_1841 (Accession: ADL69334)


3.7.1.12-------------------------------------------------------------------------------------
Searching Clostridium thermocellum genome for probable 3.7.1.12 genes

Using Organism: Caldicellulosiruptor saccharolyticus (csc)

Using Organism: Caldicellulosiruptor bescii (ate)

Using Organism: Caldicellulosiruptor obsidiansis (cob)

Using Organism: Caldicellulosiruptor hydrothermalis (chd)

Using Organism: Caldicellulosiruptor owensensis (cow)

Using Organism: Caldicellulosiruptor kristjanssonii (cki)

Using Organism: Caldicellulosiruptor lactoaceticus (clc)

Using Organism: Caldicellulosiruptor kronotskyensis (ckn)

Using Organism: Caldicellulosiruptor changbaiensis (ccha)

Using Organism: Thermoanaerobacterium thermosaccharolyticum (ttm)
Found gene for related organism ttm:Thermoanaerobacterium thermosaccharolyticum
Tthe_1840-------------------------------------------------------------------------------------
Building FASTA report for gene Tthe_1840 (Accession: ADL69333)


2.1.1.195-------------------------------------------------------------------------------------
Searching Clostridium thermocellum genome for probable 2.1.1.195 genes

Using Organism: Caldicellulosiruptor saccharolyticus (csc)

Using Organism: Caldicellulosiruptor bescii (ate)

Using Organism: Caldicellulosiruptor obsidiansis (cob)

Using Organism: Caldicellulosiruptor hydrothermalis (chd)

Using Organism: Caldicellulosiruptor owensensis (cow)

Using Organism: Caldicellulosiruptor kristjanssonii (cki)

Using Organism: Caldicellulosiruptor lactoaceticus (clc)

Using Organism: Caldicellulosiruptor kronotskyensis (ckn)

Using Organism: Caldicellulosiruptor changbaiensis (ccha)

Using Organism: Thermoanaerobacterium thermosaccharolyticum (ttm)
Found gene for related organism ttm:Thermoanaerobacterium thermosaccharolyticum
Tthe_1845-------------------------------------------------------------------------------------
Building FASTA report for gene Tthe_1845 (Accession: ADL69338)


1.3.1.106-------------------------------------------------------------------------------------
Searching Clostridium thermocellum genome for probable 1.3.1.106 genes

Using Organism: Caldicellulosiruptor saccharolyticus (csc)

Using Organism: Caldicellulosiruptor bescii (ate)

Using Organism: Caldicellulosiruptor obsidiansis (cob)

Using Organism: Caldicellulosiruptor hydrothermalis (chd)

Using Organism: Caldicellulosiruptor owensensis (cow)

Using Organism: Caldicellulosiruptor kristjanssonii (cki)

Using Organism: Caldicellulosiruptor lactoaceticus (clc)

Using Organism: Caldicellulosiruptor kronotskyensis (ckn)

Using Organism: Caldicellulosiruptor changbaiensis (ccha)

Using Organism: Thermoanaerobacterium thermosaccharolyticum (ttm)
Found gene for related organism ttm:Thermoanaerobacterium thermosaccharolyticum
Tthe_1838-------------------------------------------------------------------------------------
Building FASTA report for gene Tthe_1838 (Accession: ADL69331)


2.1.1.196-------------------------------------------------------------------------------------
Searching Clostridium thermocellum genome for probable 2.1.1.196 genes

Using Organism: Caldicellulosiruptor saccharolyticus (csc)

Using Organism: Caldicellulosiruptor bescii (ate)

Using Organism: Caldicellulosiruptor obsidiansis (cob)

Using Organism: Caldicellulosiruptor hydrothermalis (chd)

Using Organism: Caldicellulosiruptor owensensis (cow)

Using Organism: Caldicellulosiruptor kristjanssonii (cki)

Using Organism: Caldicellulosiruptor lactoaceticus (clc)

Using Organism: Caldicellulosiruptor kronotskyensis (ckn)

Using Organism: Caldicellulosiruptor changbaiensis (ccha)

Using Organism: Thermoanaerobacterium thermosaccharolyticum (ttm)
Found gene for related organism ttm:Thermoanaerobacterium thermosaccharolyticum
Tthe_1843-------------------------------------------------------------------------------------
Building FASTA report for gene Tthe_1843 (Accession: ADL69336)


2.1.1.289-------------------------------------------------------------------------------------
Searching Clostridium thermocellum genome for probable 2.1.1.289 genes

Using Organism: Caldicellulosiruptor saccharolyticus (csc)

Using Organism: Caldicellulosiruptor bescii (ate)

Using Organism: Caldicellulosiruptor obsidiansis (cob)

Using Organism: Caldicellulosiruptor hydrothermalis (chd)

Using Organism: Caldicellulosiruptor owensensis (cow)

Using Organism: Caldicellulosiruptor kristjanssonii (cki)

Using Organism: Caldicellulosiruptor lactoaceticus (clc)

Using Organism: Caldicellulosiruptor kronotskyensis (ckn)

Using Organism: Caldicellulosiruptor changbaiensis (ccha)

Using Organism: Thermoanaerobacterium thermosaccharolyticum (ttm)
Found gene for related organism ttm:Thermoanaerobacterium thermosaccharolyticum
Tthe_1844-------------------------------------------------------------------------------------
Building FASTA report for gene Tthe_1844 (Accession: ADL69337)


5.4.99.60-------------------------------------------------------------------------------------
Searching Clostridium thermocellum genome for probable 5.4.99.60 genes

Using Organism: Caldicellulosiruptor saccharolyticus (csc)

Using Organism: Caldicellulosiruptor bescii (ate)

Using Organism: Caldicellulosiruptor obsidiansis (cob)

Using Organism: Caldicellulosiruptor hydrothermalis (chd)

Using Organism: Caldicellulosiruptor owensensis (cow)

Using Organism: Caldicellulosiruptor kristjanssonii (cki)

Using Organism: Caldicellulosiruptor lactoaceticus (clc)

Using Organism: Caldicellulosiruptor kronotskyensis (ckn)

Using Organism: Caldicellulosiruptor changbaiensis (ccha)

Using Organism: Thermoanaerobacterium thermosaccharolyticum (ttm)
Found gene for related organism ttm:Thermoanaerobacterium thermosaccharolyticum
Tthe_1846-------------------------------------------------------------------------------------
Building FASTA report for gene Tthe_1846 (Accession: ADL69339)


6.3.5.11-------------------------------------------------------------------------------------
Searching Clostridium thermocellum genome for probable 6.3.5.11 genes

Using Organism: Caldicellulosiruptor saccharolyticus (csc)

Using Organism: Caldicellulosiruptor bescii (ate)

Using Organism: Caldicellulosiruptor obsidiansis (cob)

Using Organism: Caldicellulosiruptor hydrothermalis (chd)

Using Organism: Caldicellulosiruptor owensensis (cow)

Using Organism: Caldicellulosiruptor kristjanssonii (cki)

Using Organism: Caldicellulosiruptor lactoaceticus (clc)

Using Organism: Caldicellulosiruptor kronotskyensis (ckn)

Using Organism: Caldicellulosiruptor changbaiensis (ccha)

Using Organism: Thermoanaerobacterium thermosaccharolyticum (ttm)
Found gene for related organism ttm:Thermoanaerobacterium thermosaccharolyticum
Tthe_2263-------------------------------------------------------------------------------------
Building FASTA report for gene Tthe_2263 (Accession: ADL69739)


6.3.5.10-------------------------------------------------------------------------------------
Searching Clostridium thermocellum genome for probable 6.3.5.10 genes

Using Organism: Caldicellulosiruptor saccharolyticus (csc)

Using Organism: Caldicellulosiruptor bescii (ate)

Using Organism: Caldicellulosiruptor obsidiansis (cob)

Using Organism: Caldicellulosiruptor hydrothermalis (chd)

Using Organism: Caldicellulosiruptor owensensis (cow)

Using Organism: Caldicellulosiruptor kristjanssonii (cki)

Using Organism: Caldicellulosiruptor lactoaceticus (clc)

Using Organism: Caldicellulosiruptor kronotskyensis (ckn)

Using Organism: Caldicellulosiruptor changbaiensis (ccha)

Using Organism: Thermoanaerobacterium thermosaccharolyticum (ttm)
Found gene for related organism ttm:Thermoanaerobacterium thermosaccharolyticum
Tthe_2262-------------------------------------------------------------------------------------
Building FASTA report for gene Tthe_2262 (Accession: ADL69738)


6.3.4.18-------------------------------------------------------------------------------------
Searching Clostridium thermocellum genome for probable 6.3.4.18 genes

Using Organism: Caldicellulosiruptor saccharolyticus (csc)
Found gene for related organism csc:Caldicellulosiruptor saccharolyticus
Csac_1629-------------------------------------------------------------------------------------
Building FASTA report for gene Csac_1629 (Accession: ABP67219)

Using Organism: Caldicellulosiruptor bescii (ate)
Found gene for related organism ate:Caldicellulosiruptor bescii
Athe_1177-------------------------------------------------------------------------------------
Building FASTA report for gene Athe_1177 (Accession: ACM60277)

Using Organism: Caldicellulosiruptor obsidiansis (cob)
Found gene for related organism cob:Caldicellulosiruptor obsidiansis
COB47_1358-------------------------------------------------------------------------------------
Building FASTA report for gene COB47_1358 (Accession: ADL42650)

Using Organism: Caldicellulosiruptor hydrothermalis (chd)
Found gene for related organism chd:Caldicellulosiruptor hydrothermalis
Calhy_1555-------------------------------------------------------------------------------------
Building FASTA report for gene Calhy_1555 (Accession: ADQ07271)

Using Organism: Caldicellulosiruptor owensensis (cow)
Found gene for related organism cow:Caldicellulosiruptor owensensis
Calow_0989-------------------------------------------------------------------------------------
Building FASTA report for gene Calow_0989 (Accession: ADQ04553)

Using Organism: Caldicellulosiruptor kristjanssonii (cki)
Found gene for related organism cki:Caldicellulosiruptor kristjanssonii
Calkr_1160-------------------------------------------------------------------------------------
Building FASTA report for gene Calkr_1160 (Accession: ADQ40668)

Using Organism: Caldicellulosiruptor lactoaceticus (clc)
Found gene for related organism clc:Caldicellulosiruptor lactoaceticus
Calla_0586-------------------------------------------------------------------------------------
Building FASTA report for gene Calla_0586 (Accession: AEM73239)

Using Organism: Caldicellulosiruptor kronotskyensis (ckn)
Found gene for related organism ckn:Caldicellulosiruptor kronotskyensis
Calkro_1519-------------------------------------------------------------------------------------
Building FASTA report for gene Calkro_1519 (Accession: ADQ46375)

Using Organism: Caldicellulosiruptor changbaiensis (ccha)
Found gene for related organism ccha:Caldicellulosiruptor changbaiensis
ELD05_08210-------------------------------------------------------------------------------------
Building FASTA report for gene ELD05_08210 (Accession: AZT90629)

Using Organism: Thermoanaerobacterium thermosaccharolyticum (ttm)


4.1.1.21-------------------------------------------------------------------------------------
Searching Clostridium thermocellum genome for probable 4.1.1.21 genes

Using Organism: Caldicellulosiruptor saccharolyticus (csc)

Using Organism: Caldicellulosiruptor bescii (ate)

Using Organism: Caldicellulosiruptor obsidiansis (cob)

Using Organism: Caldicellulosiruptor hydrothermalis (chd)

Using Organism: Caldicellulosiruptor owensensis (cow)

Using Organism: Caldicellulosiruptor kristjanssonii (cki)

Using Organism: Caldicellulosiruptor lactoaceticus (clc)

Using Organism: Caldicellulosiruptor kronotskyensis (ckn)

Using Organism: Caldicellulosiruptor changbaiensis (ccha)

Using Organism: Thermoanaerobacterium thermosaccharolyticum (ttm)


3.5.4.4-------------------------------------------------------------------------------------
Searching Clostridium thermocellum genome for probable 3.5.4.4 genes

Using Organism: Caldicellulosiruptor saccharolyticus (csc)
Found gene for related organism csc:Caldicellulosiruptor saccharolyticus
Csac_2035-------------------------------------------------------------------------------------
Building FASTA report for gene Csac_2035 (Accession: ABP67620)
accession: WP_003517276.1, fraction positive substitution: 0.62
Found a significant match, eval: 1e-51
building FASTA report for Clostridium thermocellum gene WP_003517276.1
accession: WP_004463410.1, fraction positive substitution: 0.62
Found a significant match, eval: 1e-50
building FASTA report for Clostridium thermocellum gene WP_004463410.1
accession: WP_136479565.1, fraction positive substitution: 0.62
Found a significant match, eval: 1e-50
building FASTA report for Clostridium thermocellum gene WP_136479565.1

Using Organism: Caldicellulosiruptor bescii (ate)
Found gene for related organism ate:Caldicellulosiruptor bescii
Athe_1488-------------------------------------------------------------------------------------
Building FASTA report for gene Athe_1488 (Accession: ACM60586)
accession: WP_003517276.1, fraction positive substitution: 0.59
accession: WP_004463410.1, fraction positive substitution: 0.58
accession: WP_136479565.1, fraction positive substitution: 0.58

Using Organism: Caldicellulosiruptor obsidiansis (cob)
Found gene for related organism cob:Caldicellulosiruptor obsidiansis
COB47_1066-------------------------------------------------------------------------------------
Building FASTA report for gene COB47_1066 (Accession: ADL42365)
accession: WP_003517276.1, fraction positive substitution: 0.6
Found a significant match, eval: 1e-47
building FASTA report for Clostridium thermocellum gene WP_003517276.1
accession: WP_136479565.1, fraction positive substitution: 0.59
accession: WP_004463410.1, fraction positive substitution: 0.59

Using Organism: Caldicellulosiruptor hydrothermalis (chd)
Found gene for related organism chd:Caldicellulosiruptor hydrothermalis
Calhy_1248-------------------------------------------------------------------------------------

Using Organism: Caldicellulosiruptor owensensis (cow)
Found gene for related organism cow:Caldicellulosiruptor owensensis
Calow_1267-------------------------------------------------------------------------------------

Using Organism: Caldicellulosiruptor kristjanssonii (cki)
Found gene for related organism cki:Caldicellulosiruptor kristjanssonii
Calkr_1473-------------------------------------------------------------------------------------

Using Organism: Caldicellulosiruptor lactoaceticus (clc)
Found gene for related organism clc:Caldicellulosiruptor lactoaceticus
Calla_0858-------------------------------------------------------------------------------------

Using Organism: Caldicellulosiruptor kronotskyensis (ckn)
Found gene for related organism ckn:Caldicellulosiruptor kronotskyensis
Calkro_1222-------------------------------------------------------------------------------------

Using Organism: Caldicellulosiruptor changbaiensis (ccha)
Found gene for related organism ccha:Caldicellulosiruptor changbaiensis
ELD05_05975-------------------------------------------------------------------------------------

Using Organism: Thermoanaerobacterium thermosaccharolyticum (ttm)
Found gene for related organism ttm:Thermoanaerobacterium thermosaccharolyticum
Tthe_2502-------------------------------------------------------------------------------------


6.3.4.25-------------------------------------------------------------------------------------
Searching Clostridium thermocellum genome for probable 6.3.4.25 genes

Using Organism: Caldicellulosiruptor saccharolyticus (csc)

Using Organism: Caldicellulosiruptor bescii (ate)

Using Organism: Caldicellulosiruptor obsidiansis (cob)

Using Organism: Caldicellulosiruptor hydrothermalis (chd)

Using Organism: Caldicellulosiruptor owensensis (cow)

Using Organism: Caldicellulosiruptor kristjanssonii (cki)

Using Organism: Caldicellulosiruptor lactoaceticus (clc)

Using Organism: Caldicellulosiruptor kronotskyensis (ckn)

Using Organism: Caldicellulosiruptor changbaiensis (ccha)

Using Organism: Thermoanaerobacterium thermosaccharolyticum (ttm)


2.4.2.10-------------------------------------------------------------------------------------
Searching Clostridium thermocellum genome for probable 2.4.2.10 genes

Using Organism: Caldicellulosiruptor saccharolyticus (csc)

Using Organism: Caldicellulosiruptor bescii (ate)

Using Organism: Caldicellulosiruptor obsidiansis (cob)

Using Organism: Caldicellulosiruptor hydrothermalis (chd)

Using Organism: Caldicellulosiruptor owensensis (cow)

Using Organism: Caldicellulosiruptor kristjanssonii (cki)

Using Organism: Caldicellulosiruptor lactoaceticus (clc)

Using Organism: Caldicellulosiruptor kronotskyensis (ckn)

Using Organism: Caldicellulosiruptor changbaiensis (ccha)

Using Organism: Thermoanaerobacterium thermosaccharolyticum (ttm)
end time: 19 Mar 2022 23:54:45
