Start time: 18 Mar 2022 16:36:40
Expect Cut-Off:  1e-30
Percent Positive Substitution Cut-Off: 0.6


3.1.3.104-------------------------------------------------------------------------------------
Searching Clostridium thermocellum genome for probable 3.1.3.104 genes

Using Organism: Hungateiclostridiaceae bacterium (ruk)

Using Organism: Ruminococcaceae bacterium (rbp)

Using Organism: Ruminiclostridium cellulolyticum (cce)

Using Organism: Ruminiclostridium herbifermentans (rher)

Using Organism: Thermoclostridium stercorarium (css)

Using Organism: Thermoclostridium stercorarium (csd)

Using Organism: Pseudoclostridium thermosuccinogenes (cthd)

Using Organism: Eubacterium siraeum (esr)

Using Organism: Eubacterium siraeum (esu)

Using Organism: Clostridium cellulosi (ccel)


1.5.1.36-------------------------------------------------------------------------------------
Searching Clostridium thermocellum genome for probable 1.5.1.36 genes

Using Organism: Hungateiclostridiaceae bacterium (ruk)

Using Organism: Ruminococcaceae bacterium (rbp)

Using Organism: Ruminiclostridium cellulolyticum (cce)

Using Organism: Ruminiclostridium herbifermentans (rher)

Using Organism: Thermoclostridium stercorarium (css)

Using Organism: Thermoclostridium stercorarium (csd)

Using Organism: Pseudoclostridium thermosuccinogenes (cthd)

Using Organism: Eubacterium siraeum (esr)

Using Organism: Eubacterium siraeum (esu)

Using Organism: Clostridium cellulosi (ccel)


1.5.1.38-------------------------------------------------------------------------------------
Searching Clostridium thermocellum genome for probable 1.5.1.38 genes

Using Organism: Hungateiclostridiaceae bacterium (ruk)

Using Organism: Ruminococcaceae bacterium (rbp)

Using Organism: Ruminiclostridium cellulolyticum (cce)

Using Organism: Ruminiclostridium herbifermentans (rher)

Using Organism: Thermoclostridium stercorarium (css)

Using Organism: Thermoclostridium stercorarium (csd)

Using Organism: Pseudoclostridium thermosuccinogenes (cthd)

Using Organism: Eubacterium siraeum (esr)

Using Organism: Eubacterium siraeum (esu)

Using Organism: Clostridium cellulosi (ccel)


1.5.1.39-------------------------------------------------------------------------------------
Searching Clostridium thermocellum genome for probable 1.5.1.39 genes

Using Organism: Hungateiclostridiaceae bacterium (ruk)

Using Organism: Ruminococcaceae bacterium (rbp)

Using Organism: Ruminiclostridium cellulolyticum (cce)

Using Organism: Ruminiclostridium herbifermentans (rher)

Using Organism: Thermoclostridium stercorarium (css)

Using Organism: Thermoclostridium stercorarium (csd)

Using Organism: Pseudoclostridium thermosuccinogenes (cthd)

Using Organism: Eubacterium siraeum (esr)

Using Organism: Eubacterium siraeum (esu)

Using Organism: Clostridium cellulosi (ccel)


1.5.1.42-------------------------------------------------------------------------------------
Searching Clostridium thermocellum genome for probable 1.5.1.42 genes

Using Organism: Hungateiclostridiaceae bacterium (ruk)

Using Organism: Ruminococcaceae bacterium (rbp)

Using Organism: Ruminiclostridium cellulolyticum (cce)

Using Organism: Ruminiclostridium herbifermentans (rher)

Using Organism: Thermoclostridium stercorarium (css)

Using Organism: Thermoclostridium stercorarium (csd)

Using Organism: Pseudoclostridium thermosuccinogenes (cthd)

Using Organism: Eubacterium siraeum (esr)

Using Organism: Eubacterium siraeum (esu)

Using Organism: Clostridium cellulosi (ccel)


1.13.11.79-------------------------------------------------------------------------------------
Searching Clostridium thermocellum genome for probable 1.13.11.79 genes

Using Organism: Hungateiclostridiaceae bacterium (ruk)

Using Organism: Ruminococcaceae bacterium (rbp)

Using Organism: Ruminiclostridium cellulolyticum (cce)

Using Organism: Ruminiclostridium herbifermentans (rher)

Using Organism: Thermoclostridium stercorarium (css)

Using Organism: Thermoclostridium stercorarium (csd)

Using Organism: Pseudoclostridium thermosuccinogenes (cthd)

Using Organism: Eubacterium siraeum (esr)

Using Organism: Eubacterium siraeum (esu)

Using Organism: Clostridium cellulosi (ccel)


4.99.1.3-------------------------------------------------------------------------------------
Searching Clostridium thermocellum genome for probable 4.99.1.3 genes

Using Organism: Hungateiclostridiaceae bacterium (ruk)

Using Organism: Ruminococcaceae bacterium (rbp)

Using Organism: Ruminiclostridium cellulolyticum (cce)
Found gene for related organism cce:Ruminiclostridium cellulolyticum
Ccel_1281-------------------------------------------------------------------------------------
Building FASTA report for gene Ccel_1281 (Accession: ACL75637)

Using Organism: Ruminiclostridium herbifermentans (rher)

Using Organism: Thermoclostridium stercorarium (css)

Using Organism: Thermoclostridium stercorarium (csd)

Using Organism: Pseudoclostridium thermosuccinogenes (cthd)

Using Organism: Eubacterium siraeum (esr)

Using Organism: Eubacterium siraeum (esu)

Using Organism: Clostridium cellulosi (ccel)


2.1.1.151-------------------------------------------------------------------------------------
Searching Clostridium thermocellum genome for probable 2.1.1.151 genes

Using Organism: Hungateiclostridiaceae bacterium (ruk)

Using Organism: Ruminococcaceae bacterium (rbp)

Using Organism: Ruminiclostridium cellulolyticum (cce)
Found gene for related organism cce:Ruminiclostridium cellulolyticum
Ccel_1271-------------------------------------------------------------------------------------
Building FASTA report for gene Ccel_1271 (Accession: ACL75627)

Using Organism: Ruminiclostridium herbifermentans (rher)
Found gene for related organism rher:Ruminiclostridium herbifermentans
EHE19_016110-------------------------------------------------------------------------------------
Building FASTA report for gene EHE19_016110 (Accession: QNU66379)

Using Organism: Thermoclostridium stercorarium (css)

Using Organism: Thermoclostridium stercorarium (csd)

Using Organism: Pseudoclostridium thermosuccinogenes (cthd)

Using Organism: Eubacterium siraeum (esr)

Using Organism: Eubacterium siraeum (esu)

Using Organism: Clostridium cellulosi (ccel)


2.1.1.272-------------------------------------------------------------------------------------
Searching Clostridium thermocellum genome for probable 2.1.1.272 genes

Using Organism: Hungateiclostridiaceae bacterium (ruk)

Using Organism: Ruminococcaceae bacterium (rbp)

Using Organism: Ruminiclostridium cellulolyticum (cce)
Found gene for related organism cce:Ruminiclostridium cellulolyticum
Ccel_1275-------------------------------------------------------------------------------------
Building FASTA report for gene Ccel_1275 (Accession: ACL75631)

Using Organism: Ruminiclostridium herbifermentans (rher)
Found gene for related organism rher:Ruminiclostridium herbifermentans
EHE19_016090-------------------------------------------------------------------------------------
Building FASTA report for gene EHE19_016090 (Accession: QNU66375)

Using Organism: Thermoclostridium stercorarium (css)

Using Organism: Thermoclostridium stercorarium (csd)

Using Organism: Pseudoclostridium thermosuccinogenes (cthd)

Using Organism: Eubacterium siraeum (esr)

Using Organism: Eubacterium siraeum (esu)

Using Organism: Clostridium cellulosi (ccel)


2.1.1.271-------------------------------------------------------------------------------------
Searching Clostridium thermocellum genome for probable 2.1.1.271 genes

Using Organism: Hungateiclostridiaceae bacterium (ruk)

Using Organism: Ruminococcaceae bacterium (rbp)

Using Organism: Ruminiclostridium cellulolyticum (cce)
Found gene for related organism cce:Ruminiclostridium cellulolyticum
Ccel_1272-------------------------------------------------------------------------------------
Building FASTA report for gene Ccel_1272 (Accession: ACL75628)

Using Organism: Ruminiclostridium herbifermentans (rher)
Found gene for related organism rher:Ruminiclostridium herbifermentans
EHE19_016105-------------------------------------------------------------------------------------
Building FASTA report for gene EHE19_016105 (Accession: QNU66378)

Using Organism: Thermoclostridium stercorarium (css)

Using Organism: Thermoclostridium stercorarium (csd)

Using Organism: Pseudoclostridium thermosuccinogenes (cthd)

Using Organism: Eubacterium siraeum (esr)

Using Organism: Eubacterium siraeum (esu)

Using Organism: Clostridium cellulosi (ccel)


3.7.1.12-------------------------------------------------------------------------------------
Searching Clostridium thermocellum genome for probable 3.7.1.12 genes

Using Organism: Hungateiclostridiaceae bacterium (ruk)

Using Organism: Ruminococcaceae bacterium (rbp)

Using Organism: Ruminiclostridium cellulolyticum (cce)
Found gene for related organism cce:Ruminiclostridium cellulolyticum
Ccel_1273-------------------------------------------------------------------------------------
Building FASTA report for gene Ccel_1273 (Accession: ACL75629)

Using Organism: Ruminiclostridium herbifermentans (rher)
Found gene for related organism rher:Ruminiclostridium herbifermentans
EHE19_016100-------------------------------------------------------------------------------------
Building FASTA report for gene EHE19_016100 (Accession: QNU66377)

Using Organism: Thermoclostridium stercorarium (css)

Using Organism: Thermoclostridium stercorarium (csd)

Using Organism: Pseudoclostridium thermosuccinogenes (cthd)

Using Organism: Eubacterium siraeum (esr)

Using Organism: Eubacterium siraeum (esu)

Using Organism: Clostridium cellulosi (ccel)


2.1.1.195-------------------------------------------------------------------------------------
Searching Clostridium thermocellum genome for probable 2.1.1.195 genes

Using Organism: Hungateiclostridiaceae bacterium (ruk)

Using Organism: Ruminococcaceae bacterium (rbp)

Using Organism: Ruminiclostridium cellulolyticum (cce)
Found gene for related organism cce:Ruminiclostridium cellulolyticum
Ccel_1270-------------------------------------------------------------------------------------
Building FASTA report for gene Ccel_1270 (Accession: ACL75626)

Using Organism: Ruminiclostridium herbifermentans (rher)
Found gene for related organism rher:Ruminiclostridium herbifermentans
EHE19_016115-------------------------------------------------------------------------------------
Building FASTA report for gene EHE19_016115 (Accession: QNU66380)

Using Organism: Thermoclostridium stercorarium (css)

Using Organism: Thermoclostridium stercorarium (csd)

Using Organism: Pseudoclostridium thermosuccinogenes (cthd)

Using Organism: Eubacterium siraeum (esr)

Using Organism: Eubacterium siraeum (esu)

Using Organism: Clostridium cellulosi (ccel)


1.3.1.106-------------------------------------------------------------------------------------
Searching Clostridium thermocellum genome for probable 1.3.1.106 genes

Using Organism: Hungateiclostridiaceae bacterium (ruk)

Using Organism: Ruminococcaceae bacterium (rbp)

Using Organism: Ruminiclostridium cellulolyticum (cce)
Found gene for related organism cce:Ruminiclostridium cellulolyticum
Ccel_1276-------------------------------------------------------------------------------------
Building FASTA report for gene Ccel_1276 (Accession: ACL75632)
accession: WP_003518359.1, fraction positive substitution: 0.66
Found a significant match, eval: 2e-37
building FASTA report for Clostridium thermocellum gene WP_003518359.1

Using Organism: Ruminiclostridium herbifermentans (rher)
Found gene for related organism rher:Ruminiclostridium herbifermentans
EHE19_016085-------------------------------------------------------------------------------------
Building FASTA report for gene EHE19_016085 (Accession: QNU66374)
accession: WP_003518359.1, fraction positive substitution: 0.66
Found a significant match, eval: 2e-36
building FASTA report for Clostridium thermocellum gene WP_003518359.1

Using Organism: Thermoclostridium stercorarium (css)

Using Organism: Thermoclostridium stercorarium (csd)

Using Organism: Pseudoclostridium thermosuccinogenes (cthd)

Using Organism: Eubacterium siraeum (esr)

Using Organism: Eubacterium siraeum (esu)

Using Organism: Clostridium cellulosi (ccel)


2.1.1.196-------------------------------------------------------------------------------------
Searching Clostridium thermocellum genome for probable 2.1.1.196 genes

Using Organism: Hungateiclostridiaceae bacterium (ruk)

Using Organism: Ruminococcaceae bacterium (rbp)

Using Organism: Ruminiclostridium cellulolyticum (cce)
Found gene for related organism cce:Ruminiclostridium cellulolyticum
Ccel_1282-------------------------------------------------------------------------------------
Building FASTA report for gene Ccel_1282 (Accession: ACL75638)

Using Organism: Ruminiclostridium herbifermentans (rher)
Found gene for related organism rher:Ruminiclostridium herbifermentans
EHE19_016055-------------------------------------------------------------------------------------
Building FASTA report for gene EHE19_016055 (Accession: QNU66369)

Using Organism: Thermoclostridium stercorarium (css)

Using Organism: Thermoclostridium stercorarium (csd)

Using Organism: Pseudoclostridium thermosuccinogenes (cthd)

Using Organism: Eubacterium siraeum (esr)

Using Organism: Eubacterium siraeum (esu)

Using Organism: Clostridium cellulosi (ccel)


2.1.1.289-------------------------------------------------------------------------------------
Searching Clostridium thermocellum genome for probable 2.1.1.289 genes

Using Organism: Hungateiclostridiaceae bacterium (ruk)

Using Organism: Ruminococcaceae bacterium (rbp)

Using Organism: Ruminiclostridium cellulolyticum (cce)
Found gene for related organism cce:Ruminiclostridium cellulolyticum
Ccel_1282-------------------------------------------------------------------------------------
Building FASTA report for gene Ccel_1282 (Accession: ACL75638)

Using Organism: Ruminiclostridium herbifermentans (rher)
Found gene for related organism rher:Ruminiclostridium herbifermentans
EHE19_016055-------------------------------------------------------------------------------------
Building FASTA report for gene EHE19_016055 (Accession: QNU66369)

Using Organism: Thermoclostridium stercorarium (css)

Using Organism: Thermoclostridium stercorarium (csd)

Using Organism: Pseudoclostridium thermosuccinogenes (cthd)

Using Organism: Eubacterium siraeum (esr)

Using Organism: Eubacterium siraeum (esu)

Using Organism: Clostridium cellulosi (ccel)


5.4.99.60-------------------------------------------------------------------------------------
Searching Clostridium thermocellum genome for probable 5.4.99.60 genes

Using Organism: Hungateiclostridiaceae bacterium (ruk)

Using Organism: Ruminococcaceae bacterium (rbp)

Using Organism: Ruminiclostridium cellulolyticum (cce)
Found gene for related organism cce:Ruminiclostridium cellulolyticum
Ccel_1285-------------------------------------------------------------------------------------
Building FASTA report for gene Ccel_1285 (Accession: ACL75641)

Using Organism: Ruminiclostridium herbifermentans (rher)
Found gene for related organism rher:Ruminiclostridium herbifermentans
EHE19_016025-------------------------------------------------------------------------------------
Building FASTA report for gene EHE19_016025 (Accession: QNU66363)

Using Organism: Thermoclostridium stercorarium (css)

Using Organism: Thermoclostridium stercorarium (csd)

Using Organism: Pseudoclostridium thermosuccinogenes (cthd)

Using Organism: Eubacterium siraeum (esr)

Using Organism: Eubacterium siraeum (esu)

Using Organism: Clostridium cellulosi (ccel)


6.3.5.11-------------------------------------------------------------------------------------
Searching Clostridium thermocellum genome for probable 6.3.5.11 genes

Using Organism: Hungateiclostridiaceae bacterium (ruk)

Using Organism: Ruminococcaceae bacterium (rbp)

Using Organism: Ruminiclostridium cellulolyticum (cce)

Using Organism: Ruminiclostridium herbifermentans (rher)

Using Organism: Thermoclostridium stercorarium (css)

Using Organism: Thermoclostridium stercorarium (csd)

Using Organism: Pseudoclostridium thermosuccinogenes (cthd)

Using Organism: Eubacterium siraeum (esr)

Using Organism: Eubacterium siraeum (esu)

Using Organism: Clostridium cellulosi (ccel)


6.3.5.10-------------------------------------------------------------------------------------
Searching Clostridium thermocellum genome for probable 6.3.5.10 genes

Using Organism: Hungateiclostridiaceae bacterium (ruk)

Using Organism: Ruminococcaceae bacterium (rbp)

Using Organism: Ruminiclostridium cellulolyticum (cce)

Using Organism: Ruminiclostridium herbifermentans (rher)

Using Organism: Thermoclostridium stercorarium (css)

Using Organism: Thermoclostridium stercorarium (csd)

Using Organism: Pseudoclostridium thermosuccinogenes (cthd)

Using Organism: Eubacterium siraeum (esr)

Using Organism: Eubacterium siraeum (esu)

Using Organism: Clostridium cellulosi (ccel)


6.3.4.18-------------------------------------------------------------------------------------
Searching Clostridium thermocellum genome for probable 6.3.4.18 genes

Using Organism: Hungateiclostridiaceae bacterium (ruk)

Using Organism: Ruminococcaceae bacterium (rbp)

Using Organism: Ruminiclostridium cellulolyticum (cce)

Using Organism: Ruminiclostridium herbifermentans (rher)

Using Organism: Thermoclostridium stercorarium (css)

Using Organism: Thermoclostridium stercorarium (csd)

Using Organism: Pseudoclostridium thermosuccinogenes (cthd)

Using Organism: Eubacterium siraeum (esr)

Using Organism: Eubacterium siraeum (esu)

Using Organism: Clostridium cellulosi (ccel)


4.1.1.21-------------------------------------------------------------------------------------
Searching Clostridium thermocellum genome for probable 4.1.1.21 genes

Using Organism: Hungateiclostridiaceae bacterium (ruk)

Using Organism: Ruminococcaceae bacterium (rbp)

Using Organism: Ruminiclostridium cellulolyticum (cce)

Using Organism: Ruminiclostridium herbifermentans (rher)

Using Organism: Thermoclostridium stercorarium (css)

Using Organism: Thermoclostridium stercorarium (csd)

Using Organism: Pseudoclostridium thermosuccinogenes (cthd)

Using Organism: Eubacterium siraeum (esr)

Using Organism: Eubacterium siraeum (esu)

Using Organism: Clostridium cellulosi (ccel)


3.5.4.4-------------------------------------------------------------------------------------
Searching Clostridium thermocellum genome for probable 3.5.4.4 genes

Using Organism: Hungateiclostridiaceae bacterium (ruk)

Using Organism: Ruminococcaceae bacterium (rbp)

Using Organism: Ruminiclostridium cellulolyticum (cce)

Using Organism: Ruminiclostridium herbifermentans (rher)

Using Organism: Thermoclostridium stercorarium (css)

Using Organism: Thermoclostridium stercorarium (csd)

Using Organism: Pseudoclostridium thermosuccinogenes (cthd)

Using Organism: Eubacterium siraeum (esr)

Using Organism: Eubacterium siraeum (esu)

Using Organism: Clostridium cellulosi (ccel)


6.3.4.25-------------------------------------------------------------------------------------
Searching Clostridium thermocellum genome for probable 6.3.4.25 genes

Using Organism: Hungateiclostridiaceae bacterium (ruk)

Using Organism: Ruminococcaceae bacterium (rbp)

Using Organism: Ruminiclostridium cellulolyticum (cce)

Using Organism: Ruminiclostridium herbifermentans (rher)

Using Organism: Thermoclostridium stercorarium (css)

Using Organism: Thermoclostridium stercorarium (csd)

Using Organism: Pseudoclostridium thermosuccinogenes (cthd)

Using Organism: Eubacterium siraeum (esr)

Using Organism: Eubacterium siraeum (esu)

Using Organism: Clostridium cellulosi (ccel)


2.4.2.10-------------------------------------------------------------------------------------
Searching Clostridium thermocellum genome for probable 2.4.2.10 genes

Using Organism: Hungateiclostridiaceae bacterium (ruk)

Using Organism: Ruminococcaceae bacterium (rbp)

Using Organism: Ruminiclostridium cellulolyticum (cce)

Using Organism: Ruminiclostridium herbifermentans (rher)

Using Organism: Thermoclostridium stercorarium (css)

Using Organism: Thermoclostridium stercorarium (csd)

Using Organism: Pseudoclostridium thermosuccinogenes (cthd)

Using Organism: Eubacterium siraeum (esr)

Using Organism: Eubacterium siraeum (esu)

Using Organism: Clostridium cellulosi (ccel)
end time: 19 Mar 2022 20:54:12
